2
1.5
2
1.25
3
1.16667
2
1.5
2.5
1.1
3
1.08333
2.33333
1.875
2
1.0625
3
1.05556
2.5
1.75
2.2
1.04545
3
1.25
2.16667
1.5
2.33333
1.03571
3.75
1.03333
2
1.65
2.125
1.45833
3
1.02778
2.11111
1.625
2.5
1.025
3.5
1.02381
2.2
1.875
2.09091
1.02174
3
1.16667
2.5
1.59375
2.16667
1.01923
3
1.375
2.33333
1.58333
2.07143
1.01724
3.75
1.01667
2.06667
1.75
2
1.35417
3.3
1.01515
2.125
1.56818
2.91667
1.01429
3
1.01389
2.05556
1.875
2.11111
1.28333
3.25
1.01282
2.5
1.5
2.05
1.0122
3.5
1.32812
2.04762
1.55357
2.2
1.01136
3.75
1.26389
2.09091
1.55
2.04348
1.31944
3
1.01042
2.33333
1.65
2.5
1.01
3.1875
1.0098
2.16667
2.1875
2.03846
1.00943
3
1.00926
2.75
1.54167
2.33333
1.00893
3.16667
1.30682
2.07143
1.625
2.03448
1.23958
3.75
1.1
2.03333
1.5375
2.06667
1.25
3.5
1.00794
2
1.53571
2.70833
1.00769
3.3
1.23148
2.0303
1.875
2.125
1.00735
3.13636
1.00725
2.91667
1.53261
2.02857
1.19167
3
1.29464
2.02778
1.75
2.05556
1.00676
3.75
1.00667
2.11111
1.59375
2.56667
1.29167
3.25
1.00641
2.02564
1.52885
2.5
1.2197
3
1.00617
2.05
2.0625
2.02439
1.00602
3.5
1.08333
2.65625
1.58333
2.04762
1.00581
3.10714
1.45833
2.2
1.52586
2.02273
1.00562
3.75
1.00556
2.52778
1.525
2.09091
1.28472
3.1
1.16875
2.04348
1.75
2.63889
1.00526
3
1.00521
2.02083
2.03125
2.33333
1.0051
3.3
1.00505
2.5
1.52273
2.02
1.20833
3.1875
1.28125
2.01961
1.56818
2.16667
1.16111
4.375
1.00476
2.03846
1.52143
2.01887
1.27976
3
1.20556
2.01852
1.52083
2.75
1.15104
3.08333
1.0045
2.33333
1.875
2.01786
1.00442
3.16667
1.00439
2.61364
1.925
2.07143
1.00431
3.25
1.27717
2.03448
1.51923
2.47917
1.0042
3.75
1.00417
2.2
1.5
2.03333
1.45833
3.075
1.14352
2.06667
1.51829
2.5
1.004
3.5
1.15
2.01587
1.99219
2
1.00391
3.07143
1.19907
2.70833
1.55357
2.01538
1.00382
3.3
1.27404
2.46296
1.51705
2.0303
1.00373
3.75
1.0037
2.125
1.89583
2.01471
1.375
3.13636
1.00362
2.01449
1.55
2.91667
1.00357
3.06522
1.00355
2.02857
1.97917
2.38333
1.19583
3
1.0625
2.58929
1.51562
2.02778
1.00342
3.5
1.27155
2.05556
1.65
2.01351
1.13258
3.75
1.19444
2.01333
1.515
2.11111
1.27083
3.1875
1.00327
2.56667
1.51471
2.58333
1.00323
3.25
1.00321
2.01282
2.1875
2.02564
1.00316
3.05769
1.13929
2.5
1.51415
2.43939
1.12153
3
1.35417
2.01235
1.51389
2.05
1.19203
4.125
1.00303
2.02439
1.54167
2.01205
1.26894
3.5
1.00298
2.16667
1.51339
2.65625
1.13667
3.16667
1.16667
2.04762
1.96023
2.01163
1.00289
3.10714
1.00287
2.91667
1.625
2.2
1.00284
3.05172
1.26786
2.02273
1.85938
2.01124
1.00279
3.75
1.05556
2.01111
1.65
2.52778
1.26736
3.05
1.00273
2.09091
1.5375
2.56944
1.1891
3.1
1.00269
2.3375
1.875
2.04348
1.12202
3.5
1.00265
2.63889
1.5119
2.01053
1.00262
3
1.60417
2.01042
1.53571
2.02083
1.00258
4.0625
1.1108
2.33333
1.51154
2.0102
1.26603
3.3
1.00253
2.0101
1.84722
2.5
1.0025
3.04545
1.11944
2.02
1.875
2.41667
1.13056
3.1875
1.00245
2.5625
1.51103
2.01961
1.18678
3.13636
1.26524
2.16667
1.51087
2.32222
1.00239
4.375
1.00238
2.00952
1.53261
2.03846
1.32812
3.04286
1.18611
2.01887
1.7875
2.55952
1.00233
3
1.00231
2.41111
1.94196
2.01852
1.10354
3.04167
1.00228
2.75
1.75
2.30208
1.00226
3.08333
1.2642
2.00901
1.51014
2.33333
1.00223
3.75
1.1275
2.01786
1.51
2.00885
1.57986
3.16667
1.00219
2.00877
1.59375
2.61364
1.00217
3.85
1.00216
2.07143
1.9375
2.00862
1.00215
3.25
1.18434
2.55435
1.50962
2.03448
1.12619
3.03846
1.31944
2.47917
1.52885
2.0084
1.00209
3.75
1.11343
2.00833
1.82955
2.2
1.26302
3
1.00206
2.03333
1.50926
2.91667
1.00204
3.075
1.10045
2.28704
2.0625
2.06667
1.18333
3.03659
1.00201
2.5
1.50904
2.008
1.00199
3.5
1.2625
2.3
1.625
2.01587
1.00197
3.98438
1.18287
2
1.58333
2.00781
1.26225
3.07143
1.12391
2.39815
1.50872
2.70833
1.00192
3.10714
1.00192
2.01538
2.1875
2.00763
1.09792
3.3
1.04545
2.54808
1.52586
2.46296
1.11042
3.03409
1.26179
2.0303
1.50843
2.00746
1.28333
3.75
1.00185
2.00741
1.50833
2.125
1.26157
3.79167
1.00183
2.01471
1.525
2.75
1.09325
3.13636
1.18162
2.00725
1.92708
2.01449
1.0018
3.1
1.10913
2.91667
1.75313
2.00714
1.00178
3.06522
1.26116
2.00709
1.75
2.02857
1.00176
3.95833
1.00175
2.38333
1.50789
2.39167
1.30682
3
1.00174
2.125
1.50781
2.58929
1.18089
3.03125
1.12115
2.02778
2.03125
2.00685
1.00171
3.5
1.09074
2.5431
1.50765
2.05556
1.00169
3.3
1.54948
2.01351
1.50758
2.26515
1.00167
3.75
1.00167
2.38889
1.52273
2.01333
1.375
3.03
1.00165
2.11111
1.8125
2.54167
1.10688
3.1875
1.00163
2.00654
1.92188
2.56667
1.00162
3.02941
1.00162
2.58333
1.56818
2.00645
1.17992
3.25
1.25
2.00641
1.74167
2.01282
1.09201
4.375
1.00159
2.02564
1.50714
2.00633
1.25992
3.05769
1.26389
2.27857
1.52143
2.5
1.00156
3.0283
1.00156
2.43939
1.91964
2.24306
1.00155
3
1.11897
2.70833
1.80833
2.01235
1.00153
3.02778
1.25962
2.05
1.52083
2.38406
1.00152
4.125
1.00152
2.00606
1.72656
2.02439
1.53935
3.08333
1.08279
2.01205
1.50676
2.53788
1.11833
3.5
1.00149
2.00595
1.875
2.16667
1.00148
3.02679
1.17882
2.65625
1.50664
2.27333
1.00147
3.16667
1.25919
2.33333
1.50658
2.04762
1.10417
3.92045
1.00145
2.01163
1.925
2.00578
1.25906
3.10714
1.08906
2.00575
1.50647
2.91667
1.00143
3.25
1.08488
2.2
1.91576
2.00568
1.17833
3.05172
1.00141
2.53571
1.51923
2.02273
1.0803
3.71875
1.48958
2.01124
1.5063
2.00559
1.00139
3.75
1.1781
2.11111
1.50625
2.01111
1.29464
3.3
1.00138
2.52778
1.5
2.53472
1.0878
3.05
1.00137
2.00546
2.1875
2.09091
1.11667
3.075
1.00136
2.56944
1.71528
2.37821
1.00135
3.1
1.25845
2.00538
1.51829
2.3375
1.17767
3.75
1.00133
2.04348
1.506
2.24405
1.25833
3.5
1.00132
2.00529
1.725
2.63889
1.00132
3.02381
1.17747
2.01053
1.99219
2.00524
1.10201
3
1.0013
3.20833
1.50586
2.01042
1.0013
3.07143
1.29167
2.02083
1.79861
2.00515
1.08194
4.0625
1.11571
2.22159
1.55357
2.33333
1.25801
3.02308
1.00127
2.0102
1.50573
2.53205
1.17708
3.3
1.10139
2.00505
1.91106
2.0101
1.00126
3.69444
1.0856
2.5
1.51705
2.005
1.11528
3.04545
1.52462
2.23889
1.5056
2.02
1.00124
3.75
1.00123
2.41667
1.50556
2.26111
1.25772
3.1875
1.08069
2.0049
1.89583
2.5625
1.00122
3.02206
1.00122
2.01961
2.0625
2.37356
1.00121
3.13636
1.00121
2.53049
1.50543
2.16667
1.23958
3.02174
1.25753
2.32222
1.55
2.00478
1.00119
4.375
1.03571
2.00476
1.50536
2.00952
1.35417
3.06522
1.28333
2.03846
1.50532
2.65625
1.07449
3.04286
1.00117
2.37222
1.97917
2.01887
1.00117
3.575
1.00117
2.55952
1.79375
2.00465
1.00116
3
1.25727
2.00463
1.59375
2.41111
1.1141
3.88393
1.09975
2.01852
1.51562
2.20707
1.45833
3.04167
1.00114
2.00457
1.50514
2.75
1.00114
3.5
1.00113
2.30208
1.90733
2.00452
1.00113
3.08333
1.17593
2.52841
1.65
2.00901
1.0785
3.02027
1.25702
2.33333
1.69886
2.00446
1.07024
3.75
1.08293
2.255
1.79167
2.01786
1.25694
3.02
1.0011
2.00885
1.515
3.15972
1.0011
3.16667
1.11341
2.00439
1.90625
2.00877
1.17564
3.1875
1.00109
2.61364
1.5049
2.00435
1.09881
3.85
1.28472
2.00433
1.51471
2.07143
1.00108
3.875
1.23148
2.00862
1.50484
2.00429
1.46094
3.25
1.00107
2.36869
1.50481
2.55435
1.00106
3.01923
1.07159
2.03448
2.1875
2.25238
1.00106
3.03846
1.09838
2.63889
1.50475
2.47917
1.00105
3.05769
1.25658
2.0084
1.70893
2.00418
1.17525
3.75
1.03333
2.22685
1.51415
2.00833
1.25651
3.65909
1.00104
2.2
1.68229
2.52604
1.00103
3
1.17512
2.00412
2.03125
2.03333
1.00102
3.01852
1.1125
2.91667
1.51389
2.00408
1.00102
3.075
1.25638
2.20089
1.78804
2.28704
1.07035
4.125
1.00101
2.06667
1.50455
2.36667
1.25631
3.03659
1.001
2.00402
1.54167
2.5
1.39028
3.01807
1.08082
2.008
1.90341
2.00398
1.07585
3.5
1.00099
2.525
1.50446
2.3
1.00099
3.25
1.51042
2.01587
1.51339
2.00394
1.00098
3.98438
1.00098
2.36574
1.705
2
1.28125
3.16667
1.09722
2.00781
1.75
2.52451
1.00097
3.07143
1.00097
2.24783
1.96023
2.39815
1.08021
3.01744
1.00096
2.70833
1.50434
2.00385
1.17455
3.10714
1.45139
2.00383
1.50431
2.01538
1.00095
4.375
1.00095
2.00763
1.625
2.19583
1.25595
3.3
1.17444
2.09091
1.50426
2.54808
1.00094
3.05172
1.00094
2.46296
1.90179
2.22083
1.11146
3.03409
1.00094
2.52358
1.85938
2.0303
1.06448
3.01685
1.27976
2.00746
1.50419
2.56667
1.09654
3.75
1.06818
2.0037
1.58333
2.00741
1.50694
3.01667
1.00092
2.125
1.65
2.52315
1.00092
3.79167
1.00092
2.00366
1.90104
2.01471
1.00091
3.05
1.17415
2.75
1.5041
2.18651
1.00091
3.13636
1.4388
2.36325
1.5375
2.00725
1.0009
3.85417
1.111
2.01449
1.78365
2.0036
1.25563
3.1
1.0009
2.21825
1.50403
2.91667
1.07375
3.50625
1.00089
2.00714
1.875
2.00356
1.2197
3.06522
1.00089
2.52232
1.68304
2.00709
1.11078
3.5
1.25553
2.02857
1.50397
2.00352
1.0786
3.95833
1.17387
2.00351
1.5119
2.38333
1.25548
3.01579
1.06204
2.39167
1.50393
2.61364
1.00087
3
1.00087
2.00347
2.40625
2.125
1.09564
3.01562
1.07315
2.58929
1.53571
2.36179
1.00086
3.03125
1.25539
2.24231
1.50387
2.02778
1.17369
4.0625
1.00085
2.00685
1.66619
2.00341
1.27717
3.5
1.11038
2.18148
1.51154
2.5431
1.00085
3.01531
1.26389
2.05556
1.89904
2.00338
1.00084
3.3
1.06161
3.09896
1.50379
2.01351
1.00084
3.01515
1.25525
2.26515
1.84722
2.00334
1.11019
3.75
1.00083
2.00333
1.50375
2.38889
1.25521
3.04545
1.07768
2.01333
1.67917
2.75
1.17345
3.03
1.00083
2.0033
1.875
2.11111
1.00082
3.625
1.06556
2.54167
1.69583
2.21377
1.00082
3.1875
1.45833
2.00327
1.50368
2.00654
1.00081
3.84375
1.00081
2.56667
1.51103
2.00325
1.4294
3.02941
1.00081
2.00324
1.78017
2.58333
1.07726
3.13636
1.10982
2.00645
1.89787
2.35985
1.06037
3.25
1.0008
2.5
1.51087
2.00641
1.17322
3.48333
1.255
2.01282
1.50359
2.18403
1.00079
4.375
1.09462
2.00317
1.50357
2.02564
1.4375
3.01429
1.17315
2.00633
1.53261
2.51984
1.05917
3.05769
1.07155
2.52778
1.99219
2.27857
1.00078
3.04286
1.00078
2.5
1.77917
2.00312
1.00078
3.0283
1.25488
2.00312
1.7875
2.43939
1.00078
3.83929
1.00078
2.24306
1.50349
2.0031
1.49884
3
1.00077
2.23793
1.50347
2.70833
1.00077
3.61667
1.00077
2.01235
1.94196
2.00307
1.00077
3.02778
1.36354
2.51923
1.6553
2.05
1.09417
3.04167
1.25477
2.38406
1.50342
2.00304
1.00076
4.125
1.00076
2.00303
1.75
2.00606
1.27404
3.45312
1.00075
2.02439
1.50339
3.0787
1.1
3.08333
1.05794
2.16558
1.89631
2.01205
1.17281
3.01351
1.09395
2.53788
1.51014
2.23667
1.07612
3.5
1.25466
2.00298
1.50335
2.00595
1.07063
3.75
1.17274
2.16667
1.69125
2.00296
1.25463
3.02679
1.06348
2.35764
1.51
2.65625
1.00074
3.01327
1.05823
2.27333
2.36979
2.00293
1.00073
3.16667
1.02778
2.51838
1.50329
2.33333
1.00073
3.01316
1.375
2.04762
1.59375
2.20833
1.17262
3.92045
1.00072
2.0029
1.50326
2.01163
1.25453
3.85
1.07022
2.00578
1.50325
2.51812
1.09355
3.10714
1.17256
2.17813
1.9375
2.00575
1.10873
3.01293
1.00072
2.91667
1.50322
2.00286
1.06288
3.25
1.25446
2.16975
1.77652
2.2
1.00071
3.83152
1.07546
2.00568
1.50962
2.35667
1.25443
3.05172
1.09336
2.00282
1.68929
2.53571
1.20833
3.03846
1.0007
2.02273
1.97917
2.16061
1.0007
3.71875
1.0007
2.97917
1.52885
2.01124
1.0007
3.01261
1.49479
2.00559
1.50314
2.00279
1.0007
3.75
1.10846
2.35621
1.67014
2.11111
1.32812
3.0125
1.00069
2.01111
1.82955
2.58929
1.00069
3.3
1.00069
2.00275
1.89453
2.52778
1.0558
3
1.00069
2.53472
1.50309
2.1756
1.35463
3.05
1.25428
2.00273
1.50926
2.00546
1.09301
4.375
1.00068
2.09091
1.50306
2.23333
1.27155
3.075
1.17222
2.00271
1.65067
2.56944
1.00068
3.43056
1.00067
2.37821
2.0625
2.0027
1.00067
3.1
1.00067
2.51689
1.775
2.00538
1.00067
3.03659
1.41572
2.3375
1.50301
2.35535
1.00067
3.75
1.06909
2.00267
1.50904
2.04348
1.49306
3.012
1.10809
2.24405
1.50299
2.51667
1.00066
3.5
1.07457
2.00265
1.89375
2.00529
1.05347
3.45
1.20556
2.63889
1.625
2.00263
1.00066
3.02381
1.27083
2.35494
1.50295
2.01053
1.10797
3.98438
1.00065
2.00524
1.77431
2.20402
1.25408
3
1.05563
2.0026
1.58333
3.20833
1.06129
3.01172
1.00065
2.01042
1.89338
2.00259
1.34288
3.07143
1.00065
2.58333
1.68587
2.02083
1.00064
3.59722
1.25403
2.00515
1.50872
2.16389
1.00064
4.0625
1.17192
2.23143
1.50288
2.22159
1.25401
3.10714
1.00064
2.33333
1.50287
2.51603
1.00064
3.02308
1.19167
2.00254
2.1875
2.0102
1.06843
3.01145
1.00063
2.53205
1.64688
2.35417
1.00063
3.3
1.25396
2.20278
1.56818
2.00505
1.17183
3.82212
1.05225
2.0101
1.52586
2.00251
1.42411
3.69444
1.00063
2.1712
1.66562
2.5
1.00063
3.03409
1.17178
2.005
1.89269
2.23056
1.00062
3.04545
1.00062
3.04924
1.50843
2.23889
1.00062
3.01119
1.40191
2.02
1.925
2.00248
1.00062
3.75
1.00062
2.00247
1.50278
2.41667
1.35417
3.01111
1.00062
2.26111
1.50833
2.51543
1.1717
3.1875
1.06039
2.16138
1.89236
2.0049
1.00061
3.79167
1.10743
2.5625
1.50275
2.00244
1.05321
3.02206
1.49004
2.00243
1.525
2.01961
1.07357
4.125
1.09193
2.37356
1.63988
2.00242
1.25379
3.13636
1.0006
2.00242
1.77244
2.53049
1.10733
3.01087
1.0006
2.16667
1.92708
2.47917
1.0006
3.02174
1.0006
2.51506
1.5027
2.32222
1.17157
3.1
1.26894
2.00478
1.66369
2.00239
1.05997
4.375
1.025
2.07143
1.75313
2.00476
1.25372
3.01071
1.17153
2.00952
1.50267
2.70833
1.06755
3.06522
1.00059
2.56667
1.89174
2.03846
1.00059
3.01064
1.00059
2.65625
1.75
2.14899
1.09167
3.04286
1.42083
2.00235
1.50264
2.37222
1.00059
3.95833
1.05357
2.01887
1.50263
2.00234
1.45833
3.575
1.07313
2.00233
1.50789
2.55952
1.00058
3.5875
1.00058
2.00465
1.96023
2.00232
1.10705
3
1.3341
2.51453
1.5026
2.00463
1.00058
3.1875
1.25361
2.41111
1.50781
2.22821
1.05012
3.88393
1.00057
2.19949
1.77134
2.01852
1.25359
3.03125
1.00057
2.20707
1.68173
2.91667
1.07292
3.04167
1.00057
2.00228
2.03125
2.00457
1.17133
3.01027
1.00057
2.75
1.50256
2.00227
1.0494
3.5
1.25355
2.00227
1.63611
2.30208
1.05298
3.81466
1.34167
2.00452
1.50765
2.00226
1.26786
3.08333
1.00056
2.35185
1.50253
2.52841
1.0913
3.3
1.00056
2.00901
2.32422
2.157
1.00056
3.02027
1.00056
2.51404
1.50758
2.33333
1.10679
3.39773
1.25349
2.00446
1.50251
2.14048
1.17122
3.75
1.00056
2.16587
1.5025
2.255
1.31944
3.58333
1.09118
2.01786
1.52273
2.51389
1.00055
3.02
1.19907
2.00221
2.0625
2.00885
1.05886
3.03
1.07252
3.15972
1.50248
2.0022
1.00055
3.16667
1.26736
2.22683
1.8125
2.00439
1.05115
3.8125
1.00055
2.00877
1.66033
2.35128
1.25342
3.1875
1.10663
2.00218
1.50245
2.61364
1.17112
3.0098
1.06655
2.00435
1.92188
2.19762
1.00054
3.85
1.02381
2.56944
1.50244
2.00433
1.07234
3.02941
1.48638
2.07143
1.50243
2.00216
1.19167
3.875
1.00054
2.46296
1.56818
2.00862
1.25336
3.00968
1.00054
2.00429
1.76989
2.92188
1.00053
3.25
1.00053
2.00214
1.875
2.36869
1.00053
3.00962
1.00053
2.55435
1.74167
2.00213
1.17102
3.01923
1.40253
2.14318
1.63802
2.03448
1.00053
4.375
1.05056
2.25238
1.50238
2.00211
1.25331
3.03846
1.17099
2.19676
1.50714
2.63889
1.00053
3.00949
1.1064
2.47917
1.88988
2.0021
1.00052
3.05769
1.0582
2.51316
1.89583
2.0084
1.00052
3.41786
1.25327
2.00418
1.52143
2.35049
1.06611
3.75
1.07199
2.06667
1.50234
2.22685
1.60417
3.0283
1.04728
2.00833
1.50234
2.51302
1.00052
3.65909
1.00052
2.00207
1.91964
2.2
1.09065
3.36458
1.17089
2.52604
1.50232
2.00206
1.05141
3
1.25322
2.35024
1.67845
2.00412
1.00051
4.0625
1.00051
2.03333
1.80833
2.00205
1.38849
3.01852
1.0659
2.225
1.5023
2.91667
1.04754
3.02778
1.09056
2.00408
1.88942
2.00204
1.17083
3.075
1.10618
2.51276
1.52083
2.20089
1.00051
3.57609
1.26603
2.28704
1.50228
2.14069
1.00051
4.125
1.1708
2.00202
1.50227
2.06667
1.25316
3.00909
1.0005
2.36667
1.72656
2.51263
1.10611
3.03659
1.0005
2.00201
2.30903
2.00402
1.0005
3.08333
1.0005
2.5
1.62419
2.78056
1.0005
3.01807
1.25313
2.16164
1.50676
2.008
1.19583
3.80682
1.0005
2.00398
1.6775
2.15171
1.39931
3.5
1.0005
2.00198
1.50223
2.525
1.04607
3.00893
1.23958
2.3
1.875
2.00198
1.00049
3.25
1.00049
3.02083
1.50222
2.01587
1.06551
3.02679
1.41319
2.00394
1.76823
2.00196
1.00049
3.98438
1.09028
2.00196
1.50664
2.36574
1.25306
3.41
1.05733
2
1.5022
2.5625
1.17066
3.16667
1.00049
2.19444
1.88879
2.00781
1.16875
3.5
1.05051
2.52451
1.50658
2.00194
1.00048
3.07143
1.48348
2.00194
1.65625
2.24783
1.00048
3.92045
1.06533
2.39815
1.50217
2.16042
1.26524
3.01744
1.04899
2.00193
1.925
2.70833
1.00048
3.00867
1.00048
2.00385
1.88859
2.3491
1.00048
3.10714
1.00048
2.90278
1.63359
2.00383
1.32134
3.00862
1.25299
2.01538
1.50647
2.00191
1.00048
4.375
1.10579
2.0019
1.50214
2.00763
1.25298
3.25
1.19444
2.19583
1.62731
2.5119
1.00047
3.3
1.00047
2.34889
1.91576
2.09091
1.0501
3.00852
1.09002
2.54808
1.7675
2.00189
1.10573
3.05172
1.32812
2.00188
1.50212
2.46296
1.00047
3.80357
1.00047
2.22083
1.51923
2.22292
1.48264
3.03409
1.00047
2.00187
1.62045
2.52358
1.00047
3.71875
1.00047
2.0303
2.23438
2.12897
1.06498
3.01685
1.17048
2.55952
1.5063
2.00746
1.00046
3.00838
1.25291
2.56667
1.50209
2.19309
1.07093
3.75
1.00046
2.13636
1.76716
2.0037
1.25289
3.16667
1.10561
2.00741
1.50625
3.01389
1.08986
3.01667
1.04471
2.00184
1.94196
2.125
1.17043
3.3
1.00046
2.52315
1.50207
2.00183
1.0455
3.79167
1.37942
2.00183
1.5
2.00366
1.10556
3.80208
1.17041
2.01471
1.6317
2.00182
1.25285
3.05
1.08333
2.34829
1.50205
2.75
1.0481
3.0082
1.00045
2.18651
2.1875
2.00181
1.00045
3.13636
1.02174
2.8776
1.675
2.36325
1.00045
3.075
1.25283
2.00725
1.50203
2.00181
1.17036
3.85417
1.00045
2.222
1.71528
2.01449
1.2642
3.56731
1.07067
2.0036
1.50202
2.51126
1.05634
3.1
1.32917
2.00179
1.88767
2.21825
1.00045
3.00806
1.00045
2.91667
1.51829
2.14751
1.00045
3.50625
1.25279
2.00178
1.76651
2.00714
1.08963
3.75
1.00044
2.00356
1.502
2.43939
1.40938
3.06522
1.04491
2.00177
1.506
2.52232
1.30845
3.36607
1.04769
2.00709
1.8875
2.22157
1.00044
3.5
1.00044
2.51106
1.50198
2.02857
1.00044
3.00794
1.57986
2.00352
1.725
2.1572
1.0435
3.95833
1.00044
2.34774
1.50197
2.00351
1.25274
3.02381
1.00044
2.38333
1.7662
2.51096
1.04899
3.01579
1.00044
2.12407
1.99219
2.39167
1.00044
3.00785
1.16111
2.61364
1.65302
2.00174
1.19203
3
1.25272
2.00174
1.50195
2.00347
1.00043
4.8125
1.00043
2.125
1.50586
2.19129
1.25271
3.01562
1.1702
2.1463
1.50194
2.58929
1.10524
3.07143
1.05591
2.36179
1.9375
2.00172
1.08942
3.03125
1.07031
2.51078
1.79861
2.24231
1.00043
3.00773
1.25268
2.02778
1.62292
2.34739
1.00043
4.0625
1.00043
2.00171
1.67357
2.00685
1.48043
3.33239
1.00043
2.00341
1.55357
2.55435
1.00043
3.5
1.08935
2.22075
1.88702
2.18148
1.00042
3.02308
1.17014
2.5431
1.50191
2.00169
1.0702
3.01531
1.40774
2.52778
1.50573
2.05556
1.0557
3.79808
1.00042
2.00338
1.76562
2.00169
1.31944
3.3
1.00042
2.12321
1.65208
3.09896
1.00042
3.00758
1.00042
2.01351
1.91106
2.00168
1.32611
3.01515
1.00042
2.5105
1.50188
2.26515
1.00042
3.69444
1.25262
2.00334
1.6284
2.22037
1.00042
3.75
1.16667
2.00167
1.51705
2.00333
1.39178
3.0075
1.04834
2.38889
1.67292
2.51042
1.00041
3.04545
1.06393
2.15536
2.28693
2.01333
1.00041
3.35833
1.04267
2.75
1.5056
2.3469
1.00041
3.03
1.26302
2.00165
1.50186
2.0033
1.17004
3.75
1.26615
2.11111
1.50185
2.00164
1.25257
3.625
1.00041
2.13112
1.50556
2.54167
1.00041
3.39167
1.17002
2.21377
1.88657
2.00164
1.00041
3.1875
1.04658
2.91667
1.62103
2.00327
1.10495
3.00735
1.25255
2.00654
1.89583
2.00163
1.00041
3.84375
1.05532
2.00163
1.50183
2.56667
1.37556
3.02206
1.00041
2.00325
1.50182
2.8588
1.16998
3.02941
1.0004
2.00162
2.0625
2.00324
1.0004
3.56034
1.04335
2.58333
1.50182
2.15451
1.08904
3.13636
1.47917
2.21964
1.50181
2.00645
1.06368
3.79573
1.04139
2.35985
1.50543
2.12075
1.25251
3.25
1.10487
2.0016
1.85938
2.5
1.04208
3.02174
1.0004
2.00641
1.8863
2.34644
1.05513
3.48333
1.08898
2.51
1.55
2.01282
1.16993
3.00718
1.25249
2.18403
1.50179
2.00159
1.10482
4.375
1.0004
2.18924
1.55357
2.00317
1.2625
3.00714
1.23148
2.02564
1.50536
2.875
1.0004
3.01429
1.06968
2.3463
2.03125
2.00633
1.04146
3.06522
1.00039
2.51984
1.925
2.11833
1.00039
3.05769
1.25246
2.1431
1.50532
2.52778
1.00039
3.98438
1.00039
2.27857
1.61174
2.00157
1.47859
3.04286
1.00039
2.00156
1.50176
2.5
1.08886
3.55833
1.10474
2.00312
1.97917
2.00156
1.06958
3.0283
1.16985
2.50977
1.50175
2.00312
1.04593
3.575
1.26225
2.43939
1.50175
2.00155
1.00039
3.83929
1.04748
2.00155
1.79375
2.24306
1.40489
3.00698
1.0888
2.0031
1.50174
2.99769
1.00039
3
1.00039
2.00154
1.8859
2.23793
1.1891
3.00694
1.05479
2.70833
1.59375
2.00154
1.06332
3.61667
1.2524
2.00154
1.67115
2.01235
1.00038
3.88393
1.1698
2.00307
1.64962
2.00153
1.25239
3.02778
1.00038
2.72708
1.51562
2.51923
1.00038
3.31061
1.04087
2.05
2.1875
2.18833
1.04246
3.04167
1.10462
2.50954
1.50171
2.38406
1.00038
3.00685
1.3724
2.00304
1.50514
2.00152
1.30903
4.125
1.0632
2.00152
1.5017
2.00303
1.30682
3.5
1.00038
2.00606
1.5017
2.54808
1.10458
3.45312
1.16975
2.00151
1.90733
2.02439
1.00038
3.00679
1.00038
3.0787
1.50169
2.2
1.00038
3.08333
1.38802
2.11587
1.76389
2.16558
1.06931
3.79261
1.00037
2.01205
1.65
2.34561
1.26179
3.01351
1.00037
2.18791
1.61775
2.53788
1.16972
3.02027
1.00037
2.23667
1.88553
2.15224
1.00037
3.5
1.00037
2.50933
1.69886
2.00298
1.00037
3.0067
1.60417
2.00595
1.60536
2.14127
1.00037
3.75
1.04205
2.34549
1.6244
2.16667
1.25231
3.3825
1.00037
2.00296
1.79167
2.50926
1.00037
3.02679
1.00037
2.12696
1.88542
2.35764
1.25787
3.02
1.00037
2.65625
1.50166
2.00147
1.16967
3.01327
1.26157
2.11646
1.515
2.27333
1.00037
4.73958
1.00037
2.00293
1.50165
2.00146
1.25229
3.16667
1.29593
2.05556
1.67012
2.51838
1.00036
3.00658
1.08849
2.33333
1.90625
2.00146
1.04053
3.01316
1.00036
2.75
1.76346
2.04762
1.00036
3.1875
1.36657
2.20833
1.50163
2.34524
1.04508
3.92045
1.1044
2.00145
1.5049
2.0029
1.47703
3.00652
1.00036
2.01163
1.64821
2.50906
1.06906
3.85
1.03936
2.14043
1.92708
2.00578
1.00036
3.00649
1.16961
2.51812
1.51471
2.18711
1.15
3.10714
1.25225
2.34512
1.50162
2.17813
1.00036
3.875
1.00036
2.00575
1.84722
2.21746
1.38641
3.01293
1.00036
2.00143
1.50484
2.91667
1.00036
3.00644
1.00036
2.00286
2.19141
2.12576
1.16958
3.25
1.01923
2.50893
1.5016
2.16975
1.0465
3.55303
1.25222
2.2
1.50481
2.00142
1.00035
3.83152
1.30602
2.15091
1.5016
2.00568
1.26116
3.01923
1.1043
2.35667
1.60739
2.50887
1.06269
3.05172
1.00035
2.18673
2.1875
2.00282
1.00035
3.37857
1.0689
2.53571
1.50159
2.41667
1.00035
3.03846
1.2522
2.00141
1.64757
2.02273
1.31898
3.95833
1.00035
2.16061
1.50475
2.0014
1.25219
3.71875
1.00035
2.0014
1.50158
2.97917
1.00035
3.05769
1.16953
2.01124
1.88487
2.0014
1.03877
3.01261
1.06259
2.98958
1.70893
2.00559
1.15104
3.00628
1.30682
2.00279
1.76287
2.00139
1.00035
3.75
1.03932
2.21692
1.55
2.35621
1.25217
3.34028
1.00035
2.11111
1.51415
2.65625
1.18678
3.0125
1.1042
2.00138
1.88477
2.01111
1.00035
3.65909
1.08821
2.58929
1.50155
2.00138
1.00034
3.3
1.47612
2.00138
1.68229
2.00275
1.00034
3.78906
1.03964
2.52778
1.50155
2.11159
1.40144
3
1.00034
2.00137
1.76268
2.53472
1.05375
3.00617
1.04095
2.1756
2.03125
2.70926
1.00034
3.05
1.04607
2.50856
1.50154
2.00273
1.16946
3.01852
1.25213
2.00546
1.66875
2.18601
1.00034
4.375
1.06868
2.00136
1.51389
2.09091
1.36343
3.00612
1.16944
2.23333
1.50153
2.5431
1.08813
3.075
1.00034
2.34444
1.88457
2.00271
1.00034
3.30134
1.1041
2.56944
1.78804
2.00135
1.00034
3.43056
1.25211
2.00135
1.60552
2.37821
1.00034
4.125
1.00034
2.0027
1.50152
2.00135
1.54948
3.1
1.08808
2.00134
1.50455
2.51689
1.10407
3.55
1.06232
2.00538
1.88447
2.00134
1.04587
3.03659
1.18611
2.83144
1.50151
2.3375
1.03924
3.00602
1.25209
2.35535
1.54167
2.00134
1.00033
3.75
1.00033
2.13818
2.08542
2.00267
1.25208
3.01807
1.0441
2.04348
1.62123
2.98611
1.00033
3.012
1.0535
2.21618
1.90341
2.24405
1.16938
3.00598
1.00033
2.51667
1.61378
2.00132
1.00033
3.5
1.375
2.14915
1.50149
2.00265
1.088
3.7875
1.16937
2.00529
1.50446
2.10694
1.25206
3.45
1.00033
2.41111
1.50148
2.63889
1.00033
3.25
1.06847
2.00263
2.26562
2.00131
1.10399
3.02381
1.00033
2.54167
1.51339
2.35494
1.03844
3.00591
1.38361
2.01053
1.50147
2.21594
1.28746
3.98438
1.00033
2.00131
1.50147
2.00524
1.25204
3.54861
1.00033
2.20402
1.705
2.50817
1.04031
3
1.16933
2.11126
1.92188
2.0026
1.0684
3.16667
1.00032
3.20833
1.64583
2.12259
1.00032
3.01172
1.25203
2.0013
1.75
2.01042
1.00032
3.78676
1.10393
2.00259
1.50146
2.68576
1.25202
3.07143
1.06207
2.00129
1.50145
2.58333
1.16931
3.37174
1.04549
2.02083
1.96023
2.00129
1.08789
3.59722
1.00032
2.50806
1.62031
2.00515
1.1039
3.01744
1.47491
2.16389
1.50145
2.00128
1.00032
4.0625
1.00032
2.34384
1.50434
2.23143
1.25
3.00577
1.0368
2.22159
1.76182
2.50801
1.04367
3.10714
1.08785
2.00128
2.17708
2.33333
1.00032
3.00575
1.03803
2.51603
1.50431
2.00127
1.16927
3.02308
1.36502
2.38333
1.50143
2.00254
1.03722
4.375
1.05314
2.0102
1.50143
2.13686
1.25198
3.01145
1.31542
2.00127
1.625
2.53205
1.0453
3.29375
1.00032
2.35417
1.88393
2.00126
1.00032
3.3
1.00032
2.50791
1.76167
2.20278
1.06191
3.13636
1.25992
2.00505
1.50426
2.34366
1.16875
3.82212
1.00031
2.1045
1.50142
2.0101
1.57986
3.05172
1.00031
2.00251
1.50141
2.84821
1.00031
3.69444
1.04346
2.00125
1.90179
2.1712
1.05303
3.33125
1.16923
2.5
1.66719
2.00125
1.00031
3.03409
1.25195
2.34357
1.5014
2.005
1.00031
3.78538
1.14352
2.23056
1.85938
2.00125
1.25195
3.04545
1.00031
2.00124
1.59673
3.04924
1.00031
3.01685
1.10377
2.23889
1.91964
2.00124
1.1692
3.01119
1.00031
2.80382
1.50419
2.02
1.03622
3.85
1.25193
2.00248
1.64482
2.00124
1.03814
3.75
1.16919
2.00123
1.60227
2.00247
1.39871
3.00556
1.06809
2.41667
1.58333
2.70833
1.00031
3.01111
1.00031
2.00123
2.26042
2.26111
1.00031
3.01667
1.00031
2.51543
1.50138
2.34339
1.08767
3.1875
1.25192
2.12078
1.65
2.16138
1.16917
3.78472
1.00031
2.0049
1.50138
2.00122
1.25962
3.79167
1.04496
2.21486
1.50137
2.5625
1.06803
3.00549
1.18434
2.00244
1.90104
2.10641
1.06169
3.02206
1.24583
2.98007
1.50137
2.00243
1.03946
3.05
1.2519
2.01961
1.76122
2.14714
1.0003
4.125
1.0003
2.18386
1.5041
2.37356
1.25189
3.27976
1.0003
2.00242
1.50136
2.50758
1.31389
3.13636
1.0003
2.00121
2.1582
2.00242
1.04308
3.54487
1.0003
2.53049
1.5375
2.21467
1.0003
3.01087
1.53935
2.0012
1.50135
2.16667
1.0003
3.85417
1.0003
2.47917
1.6665
2.0012
1.35349
3.02174
1.03634
2.0012
1.78365
2.51506
1.08757
3.0054
1.0003
2.32222
1.88345
2.34314
1.0003
3.1
1.06792
2.53788
1.50134
2.00478
1.16911
3.32738
1.39792
2.00239
1.50403
2.11995
1.0003
4.375
1.0003
2.05
1.61063
2.07143
1.25186
3.50625
1.299
2.00476
1.50134
2.50744
1.0003
3.01071
1.0003
2.34306
1.875
2.00952
1.10359
3.00534
1.0429
2.70833
1.82955
2.1351
1.06787
3.06522
1.25185
2.00118
1.50133
2.56667
1.0003
3.78348
1.00029
2.03846
1.68304
2.00118
1.47352
3.01064
1.03694
2.00118
1.66618
2.65625
1.06149
3.5
1.0375
2.14899
1.8833
2.18333
1.00029
3.04286
1.16907
2.84167
1.50397
2.00235
1.00029
3.00528
1.25183
2.37222
1.6179
2.00117
1.08747
3.95833
1.10355
2.10714
1.7608
2.01887
1.25919
3.00526
1.05252
2.00234
1.5119
2.91667
1.03593
3.575
1.00029
2.14625
1.88322
2.00233
1.16905
3.01579
1.06142
2.55952
1.59306
2.00116
1.10353
3.5875
1.38021
2.00116
1.50393
2.00465
1.00029
3.92045
1.28385
2.00232
1.5013
2.2141
1.25181
3
1.00029
2.66821
1.5013
2.51453
1.00029
3.00521
1.00029
2.00463
2.40625
2.00115
1.00029
3.1875
1.00029
2.50723
1.64347
2.41111
1.05242
3.01562
1.25906
2.22821
1.60972
2.10024
1.18333
3.88393
1.01724
2.00115
1.53571
2.19949
1.36133
3.54268
1.10348
2.01852
1.50129
2.50718
1.00029
3.03125
1.16901
2.00115
1.88308
2.20707
1.08738
3.36346
1.00029
2.91667
1.50387
2.14583
1.04256
3.04167
1.25179
2.00114
1.76054
2.00228
1.13929
4.0625
1.00028
2.00457
1.50128
2.34267
1.3561
3.01027
1.00028
2.00114
1.66619
2.75
1.16899
3.00512
1.08735
2.00227
1.91576
2.09881
1.00028
3.5
1.00028
2.5071
1.66557
2.00227
1.00028
3.27222
1.47292
2.30208
1.51154
2.10595
1.00028
3.81466
1.00028
2.68333
1.50127
2.00452
1.25177
3.01531
1.00028
2.00226
1.89583
2.53571
1.03467
3.08333
1.23368
2.00113
1.89904
2.35185
1.00028
3.00507
1.00028
2.52841
1.50126
2.1826
1.16896
3.3
1.35038
2.00112
1.59241
2.00901
1.0363
4.64844
1.00028
2.157
1.50379
2.00112
1.48958
3.02027
1.18287
2.00112
1.50126
2.51404
1.00028
3.01515
1.00028
2.33333
1.88288
2.21358
1.06756
3.39773
1.03848
2.50698
1.84722
2.00446
1.00028
3.00502
1.25174
2.14048
1.66528
2.34245
1.0342
3.75
1.08726
2.00111
1.50125
2.16587
1.47263
3.005
1.00028
2.255
1.50375
2.63889
1.05216
3.58333
1.00028
2.18237
1.88281
2.01786
1.00028
3.04545
1.31123
2.51389
1.61652
2.0011
1.00028
3.02
1.29464
2.39815
1.67917
2.00221
1.06111
4.125
1.00028
2.00885
1.76017
2.11772
1.25172
3.03
1.00028
2.14505
1.50124
3.15972
1.10333
3.00495
1.00027
2.0022
1.875
2.0011
1.16891
3.16667
1.03665
2.53472
1.50123
2.22683
1.0872
3.625
1.35975
2.00439
1.59834
2.1023
1.00027
3.8125
1.1689
2.00109
1.69583
2.00877
1.25171
3.32065
1.06105
2.35128
1.50123
2.50683
1.00027
3.1875
1.00027
2.21325
2.1875
2.00218
1.00027
3.0049
1.08717
2.61364
1.50368
2.34224
1.04393
3.0098
1.39583
2.1331
1.50122
2.00435
1.2809
3.84375
1.00027
2.19762
1.50122
2.00108
1.25169
3.85
1.00027
2.04762
1.51103
2.56944
1.00027
3.00487
1.2197
2.00433
2.1441
2.14468
1.10327
3.02941
1.00027
2.97276
1.50121
2.07143
1.03484
3.00485
1.25168
2.00216
1.78017
2.38333
1.00027
3.875
1.01667
2.00108
1.61589
2.46296
1.25845
3.13636
1.00027
2.00862
1.66473
2.50672
1.29549
3.00968
1.00027
2.00107
1.89787
2.00429
1.03806
3.53977
1.00027
2.92188
1.59056
2.00107
1.06094
3.25
1.47209
2.00107
1.5012
2.00214
1.05191
3.75
1.13667
2.36869
1.51087
2.00107
1.25167
3.00962
1.15104
2.00106
1.75983
2.55435
1.00027
3.48333
1.03379
2.00213
1.8825
2.34204
1.00027
3.01923
1.00027
2.80506
1.50359
2.14318
1.28333
3.27604
1.25833
2.03448
1.50119
2.00106
1.00026
4.375
1.06089
2.10111
1.64193
2.25238
1.25165
3.00476
1.16883
2.00211
1.50357
2.50661
1.06729
3.03846
1.00026
2.34198
2.15625
2.19676
1.00026
3.01429
1.04368
2.63889
1.75972
2.00105
1.00026
3.00949
1.25164
2.21279
1.53261
2.47917
1.08704
3.77976
1.03785
2.0021
1.58875
2.00105
1.47184
3.05769
1.10318
2.11641
1.60732
2.51316
1.00026
3.79167
1.00026
2.0084
1.99219
2.00105
1.03544
3.41786
1.1688
2.50654
1.50118
2.00418
1.00026
3.04286
1.37751
2.35049
1.50117
2.13222
1.10316
3.75
1.05175
2.14397
1.77917
2.06667
1.25163
3.00469
1.00026
2.22685
1.50117
3.20833
1.00026
3.0283
1.00026
2.09457
1.88232
2.00833
1.27546
3.00467
1.0672
2.51302
1.7875
2.00104
1.00026
3.65909
1.25162
2.00104
1.50116
2.00207
1.03339
3.83929
1.18162
2.2
1.50116
2.18131
1.29167
3.36458
1.00026
2.34179
1.50349
2.52604
1.00026
3.00464
1.10312
2.00206
2.24826
2.10281
1.13258
3
1.00026
2.50644
1.50116
2.35024
1.06716
3.3569
1.35243
2.00412
1.50347
2.00103
1.16876
4.0625
1.0342
2.00103
1.50115
2.03333
1.39464
3.61667
1.00026
2.00205
1.50115
2.77699
1.00026
3.01852
1.29398
2.13181
1.94196
2.225
1.00026
3.0046
1.00026
2.91667
1.50115
2.09509
1.00025
3.02778
1.25801
2.18111
2.04531
2.00408
1.00025
3.77885
1.00025
2.00204
1.6553
2.34167
1.25159
3.075
1.04153
2.21236
1.64125
2.51276
1.16874
3.04167
1.00025
2.20089
1.88216
2.00101
1.00025
3.57609
1.10307
2.53205
1.50342
2.28704
1.03265
3.00456
1.47135
2.14069
1.50114
2.00101
1.03747
4.125
1.06708
2.34161
1.50114
2.00202
1.37674
3.00455
1.00025
2.06667
1.75
2.50631
1.16111
3.00909
1.04333
2.00101
1.91106
2.36667
1.03568
3.45312
1.05153
2.51263
1.50113
2.21222
1.16872
3.03659
1.25157
2.001
1.50339
2.00201
1.00025
4.61806
1.08687
2.00402
1.65
2.001
1.357
3.08333
1.16871
2.001
1.5869
2.5
1.00025
3.24838
1.00025
2.78056
1.89631
2.001
1.00025
3.01807
1.06058
2.50625
1.75921
2.16164
1.00025
3.01351
1.3941
2.008
1.64093
2.39167
1.00025
3.80682
1.00025
2.001
1.51014
2.00398
1.52462
3.355
1.00025
2.15171
1.61418
2.79861
1.04322
3.5
1.03729
2.00099
1.882
2.00198
1.10301
3.00446
1.16869
2.525
1.50335
2.09213
1.08683
3.00893
1.25155
2.47917
1.60595
2.3
1.00025
3.75
1.00025
2.00198
1.75911
2.00099
1.25154
3.25
1.00025
2.00099
1.69125
3.02083
1.04128
3.00444
1.06696
2.01587
1.88194
2.13103
1.18089
3.02679
1.08681
2.82639
1.59522
2.00394
1.00025
3.53646
1.25772
2.00196
1.51
2.00098
1.00025
3.98438
1.30801
2.18056
1.5011
2.00196
1.35086
3.01327
1.03207
2.36574
1.58734
2.50613
1.00024
3.41
1.00024
2.11467
2.36979
2
1.06693
3.0044
1.00024
2.5625
1.5011
2.34132
1.10296
3.16667
1.25152
2.00097
1.54167
2.19444
1.16866
3.77757
1.00024
2.00781
1.50329
2.3375
1.25152
3.5
1.05133
2.10102
1.50109
2.52451
1.08676
3.01316
1.27253
2.00194
2.0625
2.00097
1.00024
3.07143
1.00024
2.96695
1.59375
2.00194
1.00024
3.3125
1.25151
2.24783
1.75893
2.00097
1.00024
3.92045
1.03525
2.13066
1.50109
2.39815
1.25151
3.00435
1.23423
2.16042
1.50326
2.53049
1.16864
3.01744
1.00024
2.09798
1.88179
2.00193
1.00024
3.85
1.00024
2.70833
1.60532
2.00096
1.05126
3.00867
1.54948
2.00096
1.50325
2.00385
1.10291
3.77717
1.03447
2.3491
1.64033
2.00096
1.25753
3.10714
1.00024
2.00096
1.75884
2.90278
1.03695
3.26719
1.03335
2.00383
1.9375
2.64268
1.0323
3.00862
1.03177
2.50598
1.6631
2.01538
1.16862
3.01293
1.25149
2.00191
1.50107
2.00095
1.21499
4.375
1.00024
2.21158
1.50322
2.0019
1.29464
3.00429
1.16861
2.00763
1.59432
2.50595
1.00024
3.25
1.10288
2.38889
1.8817
2.19583
1.00024
3.25463
1.00024
2.5119
1.77652
2.00095
1.03505
3.3
1.35417
2.00095
1.50107
2.34889
1.00024
3.83152
1.00024
2.09091
1.61319
2.1002
1.60417
3.00852
1.06031
2.18004
1.50962
2.54808
1.00024
3.535
1.00024
2.00189
1.88165
2.21146
1.04093
3.05172
1.16859
2.65625
1.64005
2.00188
1.00024
3.00424
1.34312
2.46296
1.68929
2.00094
1.00023
3.80357
1.00023
2.00094
1.8125
2.22083
1.25147
3.03846
1.06675
2.22292
1.50105
2.96528
1.00023
3.03409
1.00023
2.00094
1.97917
2.00187
1.29136
3.24091
1.10284
2.52358
1.50105
2.00093
1.00023
3.71875
1.25146
2.00093
1.50105
2.0303
1.00023
4.46875
1.16857
2.12897
1.52885
2.12996
1.25146
3.01685
1.00023
2.34096
1.50105
2.55952
1.22188
3.01261
1.08662
2.00746
2.24219
2.00093
1.03137
3.00838
1.04082
2.50581
1.50314
2.56667
1.06023
3.00418
1.25145
2.19309
1.50104
2.14187
1.16856
3.75
1.04271
2.00093
1.66269
2.13636
1.25727
3.53431
1.00023
2.0037
1.67014
2.50579
1.03119
3.16667
1.16855
2.21122
1.99219
2.00741
1.00023
3.0125
1.00023
3.01389
1.50104
2.17972
1.03405
3.01667
1.39263
2.08942
1.82955
2.00184
1.00023
3.88393
1.06019
2.125
1.50103
2.34086
1.37468
3.3
1.00023
2.00092
1.50103
2.52315
1.17992
3.00413
1.00023
2.00183
1.89453
2.091
1.10278
3.79167
1.06665
2.75884
1.5837
2.00183
1.00023
3
1.45833
2.00366
1.50103
2.21111
1.04262
3.80208
1.08656
2.34081
1.50309
2.01471
1.25143
3.26339
1.03467
2.00182
2.03194
2.50571
1.00023
3.05
1.05096
2.16667
1.88142
2.34829
1.00023
3.0041
1.03166
2.75
1.50926
2.09619
1.27402
3.0082
1.25142
2.00091
1.63951
2.18651
1.00023
4.375
1.10275
2.00181
1.50102
2.00091
1.25142
3.13636
1.16852
2.04348
1.50306
2.8776
1.00023
3.35
1.00023
2.36325
1.90733
2.0009
1.06011
3.075
1.03385
2.50566
1.75833
2.00725
1.23139
3.00407
1.25141
2.00181
1.65067
2.34072
1.0509
3.85417
1.00023
2.0009
1.50101
2.222
1.46991
3.43056
1.00022
2.01449
1.50101
2.52841
1.00022
3.56731
1.03079
2.14135
2.0625
2.0036
1.00022
3.00404
1.26389
2.51126
1.50101
2.11269
1.00022
3.1
1.34813
2.65833
1.50101
2.00179
1.03449
3.77534
1.06656
2.21825
1.775
2.00089
1.25702
3.00806
1.13056
2.00089
1.50101
2.91667
1.00022
3.03659
1.00022
2.14751
2.12358
2.00089
1.16849
3.50625
1.01515
2.50558
1.50301
2.00178
1.00022
3.53302
1.3378
2.00714
1.501
2.17926
1.1027
3.75
1.16848
2.00089
1.60363
2.00356
1.35367
3.004
1.00022
2.43939
1.50904
2.81875
1.08646
3.06522
1.00022
2.08981
2.23958
2.00177
1.00022
3.012
1.00022
2.52232
1.66213
2.6169
1.00022
3.36607
1.25694
2.09537
1.50299
2.00709
1.16847
3.775
1.05079
2.22157
1.50099
2.00088
1.25138
3.5
1.08645
2.00088
1.61186
2.51106
1.05999
3.00397
1.30546
2.02857
1.89375
2.00088
1.00022
3.00794
1.00022
3.15972
1.58021
2.00352
1.04235
3.45
1.25137
2.1572
1.80833
2.087
1.03238
3.95833
1.00022
2.00088
1.625
2.34774
1.39177
3.00395
1.00022
2.00351
1.50099
2.50548
1.16846
3.02381
1.06646
2.00087
1.90625
2.38333
1.05073
3.53241
1.05995
2.51096
1.50295
2.09799
1.00022
3.01579
1.46955
2.00087
1.66196
2.12407
1.08641
3.98438
1.00022
2.39167
1.50098
2.00087
1.25136
3.00785
1.00022
2.32222
1.77431
2.61364
1.03347
3.30603
1.00022
2.00174
1.88113
2.38406
1.06644
3
1.10263
2.50543
1.58345
2.00174
1.16844
3.00391
1.37351
2.00347
1.58333
2.00087
1.04032
4.8125
1.00022
2.00087
1.59194
2.125
1.28472
3.01172
1.16843
2.19129
1.50097
2.50541
1.10262
3.01562
1.03415
2.3404
1.89338
2.1463
1.00022
3.00389
1.00022
2.58929
2.01432
2.21048
1.00022
3.07143
1.25135
2.11182
1.50097
2.36179
1.00022
3.875
1.00022
2.00172
1.68587
2.17884
1.53935
3.03125
1.00021
2.14062
1.50097
2.51078
1.03028
3.59722
1.00021
2.24231
1.88105
2.00086
1.08636
3.00773
1.26326
2.50536
1.50872
2.02778
1.00021
3.24583
1.46094
2.34739
1.50096
2.00086
1.00021
4.0625
1.04022
2.00085
1.75788
2.00171
1.25134
3.34714
1.03329
2.00685
1.50288
2.96086
1.00021
3.33239
1.14352
2.00085
1.88101
2.00341
1.30472
3.10714
1.03593
2.55435
1.50096
2.00085
1.00021
3.5
1.25133
2.1787
1.50287
2.22075
1.06635
3.77404
1.1684
2.18148
1.50096
2.00085
1.33949
3.02308
1.03081
2.34028
1.7875
2.5431
1.00021
3.00382
1.00021
2.00169
2.1875
2.1404
1.04211
3.01531
1.00021
2.81548
1.60264
2.52778
1.00021
3.01145
1.25132
2.05556
1.50095
2.11141
1.16839
3.79808
1.10256
2.00084
1.64688
2.00338
1.37297
3.53125
1.03196
2.00169
1.50095
2.63889
1.00021
3.3
1.17882
2.00084
1.88093
2.12321
1.02965
3.30417
1.00021
3.09896
1.56818
2.00084
1.10255
3.00758
1.25131
2.00084
1.75774
2.01351
1.05978
3.82212
1.08629
2.00168
1.57837
2.65222
1.25658
3.01515
1.06629
2.00084
1.52586
2.5105
1.16838
3.00377
1.00021
2.26515
2.13616
2.00084
1.00021
3.69444
1.00021
2.50523
1.50094
2.00334
1.00021
3.25679
1.46906
2.22037
1.66562
2.00083
1.00021
3.75
1.00021
2.33333
1.50094
2.00167
1.29167
3.03409
1.21389
2.00333
1.75768
2.78356
1.06627
3.0075
1.00021
2.09669
1.89269
2.38889
1.00021
3.34583
1.0297
2.51042
1.50093
2.00083
1.28819
3.04545
1.25651
2.12787
1.50093
2.15536
1.10251
4.57386
1.00021
2.01333
1.50843
2.00083
1.25129
3.35833
1.16836
2.08534
1.50093
2.75
1.03176
3.01119
1.04195
2.3469
2.10286
2.00083
1.03568
3.03
1.08625
2.52604
1.925
2.00165
1.05043
3.00371
1.25129
2.0033
1.50093
2.34008
1.03295
3.75
1.00021
2.53229
1.50093
2.11111
1.4689
3.0037
1.03996
2.00164
1.50278
2.50514
1.00021
3.625
1.10249
2.00082
2.03125
2.13112
1.00021
3.01111
1.27057
2.54167
1.50092
2.00082
1.05968
3.39167
1.25128
2.34004
1.50833
2.21377
1.0002
3.77315
1.02925
2.00164
1.75754
2.00082
1.39062
3.1875
1.02965
2.09316
1.59058
2.91667
1.12202
3.24206
1.0002
2.00327
1.89236
2.20991
1.16833
3.00735
1.0002
2.5051
1.50092
2.00654
1.0625
3.79167
1.25127
2.00163
1.66115
2.00081
1.0002
3.84375
1.26569
2.11063
1.50275
2.00163
1.25638
3.00366
1.0862
2.56667
1.57981
2.75112
1.0002
3.02206
1.0002
2.00081
2.23505
2.00325
1.0002
3.00365
1.10246
2.8588
1.525
2.33996
1.0002
3.02941
1.33793
2.00081
1.61035
2.00162
1.17833
4.125
1.0002
2.00324
1.6379
2.00081
1.25126
3.56034
1.0002
2.0867
1.63988
2.58333
1.1275
3.00363
1.16831
2.15451
1.88068
2.17807
1.0002
3.13636
1.0002
2.95833
1.50091
2.21964
1.0002
3.00362
1.25631
2.00645
1.77244
2.12735
1.08617
3.79573
1.06614
2.08278
1.661
2.35985
1.25126
3.01087
1.0002
2.12075
1.5009
2.50502
1.26035
3.25
1.0002
2.20973
1.92708
2.0016
1.05958
3.71875
1.0002
2.5
1.5009
2.08417
1.0002
3.02174
1.73785
2.0008
1.5009
2.00641
1.0002
3.77259
1.0002
2.34644
1.5027
2.11027
1.35102
3.48333
1.04174
2.17795
1.75735
2.51
1.0002
3.1
1.0002
2.01282
1.90341
2.33985
1.10241
3.00718
1.03138
2.50498
1.66369
2.18403
1.16829
3.00358
1.34482
2.00159
1.58996
2.20965
1.0002
4.375
1.01429
2.00079
1.5375
2.18924
1.25124
3.10714
1.1781
2.00317
1.75313
2.525
1.0002
3.00714
1.03971
2.46296
1.88058
2.02564
1.08613
3.01071
1.0002
2.875
1.75729
2.00079
1.02907
3.01429
1.25124
2.13936
1.50267
2.3463
1.03533
4.0625
1.10239
2.00633
1.60133
2.08292
1.51042
3.06522
1.0002
2.00079
1.50089
2.51984
1.0002
3.85
1.20336
2.11833
1.89174
2.00079
1.0002
3.05769
1.16827
2.50492
1.50088
2.1431
1.10238
3.01064
1.25123
2.52778
1.50088
2.00078
1.0002
3.98438
1.0002
2.00078
1.75
2.27857
1.25123
3.22348
1.0002
2.00157
1.6375
2.95718
1.05949
3.04286
1.0002
2.00078
2.13125
2.00156
1.2691
3.00352
1.0002
2.5
1.50264
2.17772
1.0312
3.55833
1.28125
2.20948
1.50088
2.00312
1.05016
3.95833
1.16826
2.00156
1.58036
2.13917
1.37153
3.0283
1.10236
2.33971
1.50263
2.50977
1.02985
3.0035
1.03523
2.00312
2.1875
2.09187
1.00019
3.575
1.05947
2.52451
1.60969
2.43939
1.00019
3.0035
1.25121
2.00155
1.50789
2.00078
1.30278
3.83929
1.08607
2.09497
1.50087
2.00155
1.25121
3.5875
1.00019
2.24306
1.50087
2.80978
1.00019
3.00698
1.16825
2.17761
1.96023
2.0031
1.03956
3.00348
1.00019
2.99769
1.66058
2.00077
1.02837
3
1.35026
2.00077
2.00116
2.00154
1.00019
3.7718
1.04153
2.23793
1.5026
2.37821
1.2512
3.00694
1.00019
2.10958
1.50087
2.70833
1.16824
3.1875
1.12619
2.00154
1.88042
2.12663
1.03313
3.61667
1.00019
2.50481
1.50781
2.00154
1.08604
3.34231
1.46819
2.01235
1.57518
2.00077
1.06597
3.88393
1.05008
2.33961
1.50086
2.00307
1.45139
3.29924
1.00019
2.00153
1.77134
2.50479
1.00019
3.02778
1.00019
2.00076
1.88039
2.72708
1.00019
3.03125
1.11944
2.51923
1.50086
2.00076
1.17767
3.31061
1.25119
2.08175
1.68173
2.05
1.04147
4.375
1.0288
2.18833
1.60938
2.08492
1.25119
3.04167
1.16822
2.20924
1.50086
2.50954
1.00019
3.00342
1.05938
2.38406
2.03125
2.00076
1.05004
3.00685
1.1023
2.74479
1.757
2.00304
1.00019
3.01027
1.25595
2.00152
1.50085
2.61806
1.00019
4.125
1.00019
2.12641
1.50256
2.00152
1.46806
3.00341
1.06593
2.00303
1.57411
2.61364
1.22477
3.5
1.02817
2.00076
1.88033
2.00606
1.00019
3.0034
1.16821
2.54808
1.63611
2.20917
1.00019
3.45312
1.25118
2.33951
1.57946
2.00151
1.00019
3.81466
1.03086
2.02439
2.0125
2.00075
1.25118
3.00679
1.08599
2.00075
1.50765
3.0787
1.06591
3.00339
1.00019
2.2
1.90179
2.00075
1.1682
3.08333
1.01389
2.77604
1.50084
2.11587
1.00019
3.52778
1.38932
2.16558
1.50253
2.13862
1.05933
3.79261
1.17747
2.00075
1.63695
2.01205
1.25117
3.3
1.00019
2.34561
1.50084
2.52358
1.00019
3.01351
1.02942
2.00075
2.32422
2.18791
1.10226
3.23551
1.04996
2.53788
1.50084
2.33944
1.03934
3.02027
1.33061
2.00075
1.50084
2.23667
1.28568
3.77107
1.03288
2.15224
1.50758
2.00074
1.27976
3.5
1.0593
2.00074
1.66019
2.50933
1.00019
3.39773
1.16819
2.00298
1.88024
2.00074
1.00019
3.0067
1.06586
3.20833
1.50251
2.00595
1.00019
3.21071
1.37068
2.14127
1.75684
2.00074
1.00019
3.75
1.10224
2.0841
1.50083
2.34549
1.33523
3.2488
1.00018
2.16667
1.5025
2.50463
1.16818
3.3825
1.00018
2.00074
1.97917
2.00296
1.00018
3.58333
1.00018
2.50926
1.63678
2.00074
1.21049
3.02679
1.50694
2.00074
1.52273
2.12696
1.02822
3.77083
1.00018
2.35764
1.50083
2.51574
1.25115
3.02
1.00018
2.00074
1.79861
2.65625
1.00018
3.00331
1.00018
2.00147
2.0625
2.33935
1.08593
3.01327
1.00018
2.52315
1.58829
2.11646
1.26227
3.03
1.25115
2.27333
1.60879
2.00073
1.02922
4.73958
1.03193
2.00073
1.50248
2.00293
1.25114
3.0033
1.30167
2.00146
1.50082
2.50458
1.00018
3.16667
1.08591
2.59186
1.90104
2.05556
1.00018
3.34024
1.00018
2.51838
1.8125
2.00073
1.00018
3.00658
1.25114
2.17698
1.57672
2.33333
1.10221
3.8125
1.12153
2.00146
1.50082
2.08106
1.46768
3.01316
1.04985
2.00073
1.66033
2.75
1.00018
3.52692
1.00018
2.04762
1.88012
2.00073
1.00018
3.1875
1.16815
2.73313
1.65994
2.20833
1.03472
3.00327
1.25113
2.34524
1.50245
2.09015
1.00018
3.92045
1.00018
2.2088
1.75668
2.00145
1.4388
3.0098
1.00018
2.0029
1.59983
2.95406
1.00018
3.00652
1.10219
2.00072
1.92188
2.01163
1.17708
3.29643
1.04117
2.50906
1.50081
2.13812
1.04981
3.85
1.25113
2.07871
1.53571
2.14043
1.03914
3.85417
1.28495
2.00578
1.50244
2.00072
1.38875
3.00649
1.00018
2.33923
1.60851
2.51812
1.02753
3.02941
1.00018
2.18711
2.22957
2.3
1.05917
3.10714
1.00018
2.5045
1.50243
2.34512
1.00018
3.00323
1.25563
2.17813
1.7875
2.00072
1.16813
3.875
1.00018
2.00072
1.50081
2.00575
1.25112
3.69444
1.03463
2.21746
1.56818
2.77282
1.00018
3.01293
1.26653
2.00072
1.88004
2.00143
1.04111
3.00968
1.10217
2.91667
1.5008
2.00071
1.08585
3.00644
1.34219
2.00071
1.76989
2.00286
1.02729
4.38281
1.03907
2.12576
1.5008
2.33917
1.25111
3.25
1.03254
2.03846
1.5008
2.50893
1.30116
3.00321
1.00018
2.16975
1.875
2.09301
1.06572
3.55303
1.08584
2.50445
1.5008
2.2
1.03168
3.00962
1.52462
2.00142
1.5008
2.00071
1.00018
3.83152
1.00018
2.61204
1.74167
2.15091
1.25111
3.00319
1.00018
2.00568
1.75653
2.52232
1.00018
3.01923
1.00018
2.20859
2.10379
2.35667
1.00018
3.21477
1.00018
2.50887
1.63802
2.12538
1.16811
3.05172
1.38848
2.00071
1.50079
2.18673
1.00018
4.375
1.02885
2.00282
1.57583
2.00071
1.25553
3.37857
1.16811
2.1378
1.50238
2.53571
1.1955
3.00317
1.00018
2.41667
1.87996
2.0007
1.12391
3.03846
1.00018
2.5044
1.75648
2.00141
1.00018
3.29514
1.34825
2.02273
1.50714
2.63796
1.03243
3.95833
1.00018
2.0007
1.50079
2.16061
1.46734
3.00949
1.08581
2.0014
1.65959
2.50439
1.00018
3.71875
1.041
2.0007
1.88988
2.0014
1.00017
3.00315
1.2608
2.97917
1.50079
2.0007
1.02784
3.05769
1.25548
2.33905
1.58731
2.01124
1.06566
3.76974
1.10212
2.0014
1.89583
2.07754
1.32755
3.01261
1.00017
2.12519
1.50078
2.98958
1.00017
3.41786
1.00017
2.00559
1.87991
2.30208
1.16809
3.00628
1.00017
2.61364
1.52143
2.00279
1.10211
3.52574
1.25109
2.00139
1.59917
2.00069
1.08578
3.75
1.16809
2.07864
1.60798
2.21692
1.25109
3.1
1.02689
2.35621
1.50234
2.50434
1.04095
3.34028
1.04964
2.00069
2.40625
2.11111
1.02867
3.0283
1.00017
2.65625
1.57092
2.37356
1.00017
3.0125
1.36955
2.2084
1.50234
2.00138
1.16808
3.76953
1.00017
2.01111
1.50078
2.00069
1.34144
3.65909
1.20771
2.17643
1.50078
2.58929
1.00017
3.00311
1.16808
2.00138
1.91964
2.00069
1.00017
3.3
1.03437
2.95224
1.63598
2.00138
1.00017
3.36458
1.25108
2.00275
1.75634
2.00069
1.15
3.78906
1.00017
2.07929
1.50232
2.52778
1.25539
3.00309
1.00017
2.11159
1.57711
2.80288
1.23958
3
1.05901
2.00069
1.87983
2.00137
1.08575
3.52536
1.00017
2.53472
1.67845
2.1075
1.00017
3.00617
1.46712
2.08191
1.50077
2.1756
1.00017
4.0625
1.00017
2.70926
1.50077
2.00068
1.25107
3.05
1.00017
2.09214
1.80833
2.50856
1.00017
3.00307
1.22146
2.00273
2.08274
2.33892
1.00017
3.01852
1.00017
2.50427
1.59886
2.00546
1.16806
3.3375
1.27717
2.18601
1.5023
2.00068
1.00017
4.375
1.00017
2.13735
1.57131
2.00136
1.38797
3.02778
1.20833
2.09091
1.63583
2.72685
1.03134
3.00612
1.02666
2.33889
1.88942
2.23333
1.00017
3.00305
1.06557
2.5431
1.75625
2.17625
1.00017
3.075
1.25106
2.00068
1.65927
2.34444
1.05896
3.76913
1.04954
2.00271
1.52083
2.00068
1.57986
3.30134
1.02726
2.20821
1.50076
2.56944
1.03877
3.57609
1.00017
2.00135
1.89904
2.00068
1.00017
3.43056
1.28333
2.50422
1.50228
2.00135
1.06555
3.21104
1.25105
2.37821
1.50076
2.00067
1.00017
4.125
1.08571
2.00067
1.75621
2.0027
1.32701
3.00303
1.05894
2.00135
1.50227
3.09896
1.10204
3.1
1.00017
2.17617
1.87973
2.00134
1.25358
3.00909
1.02741
2.51689
1.50076
2.20815
1.02669
3.55
1.25105
2.12464
1.72656
2.00538
1.02985
3.76894
1.16804
2.00134
1.65917
2.09174
1.25525
3.03659
1.03123
2.37222
1.50075
2.83144
1.00017
3.00301
1.03872
2.3375
2.30903
2.07847
1.00017
3.00602
1.02833
2.50418
1.50075
2.35535
1.08569
3.08333
1.38773
2.00134
1.50075
2.00067
1.16803
3.75
1.06552
2.00067
1.62419
2.13818
1.25104
4.17083
1.00017
2.00267
1.50075
2.50417
1.00017
3.01807
1.16803
2.08819
1.87969
2.04348
1.10201
3.24246
1.08568
2.98611
1.50676
2.00066
1.0589
3.012
1.25521
2.10699
1.79375
2.21618
1.00017
3.80682
1.03412
2.24405
1.50075
2.33876
1.3471
3.00598
1.00017
2.00066
1.6775
2.51667
1.16802
3.22756
1.00017
2.00132
2.09896
2.00066
1.00017
3.5
1.04944
2.75
1.50074
2.14915
1.00017
3.00298
1.46681
2.00265
1.50223
2.17601
1.02625
3.7875
1.20258
2.33873
1.5691
2.00529
1.25103
3.00893
1.00016
2.10694
1.85938
2.50413
1.08566
3.45
1.00016
2.00066
1.875
2.41111
1.02721
3.00296
1.00016
2.63889
1.50074
2.00066
1.29979
3.25
1.25103
2.13694
1.50074
2.00263
1.00016
4.53125
1.00016
2.00131
1.50222
2.20797
1.33195
3.02381
1.28304
2.00066
1.59827
2.54167
1.00016
3.02679
1.06547
2.35494
2.11979
2.07687
1.03861
3.00591
1.03193
2.76721
1.76823
2.01053
1.00016
3.00295
1.25102
2.21594
1.50074
2.57492
1.04065
3.98438
1.00016
2.00065
1.63542
2.00131
1.45833
3.00294
1.10198
2.00524
1.50664
2.50408
1.00016
3.54861
1.00016
2.00065
1.8796
2.20402
1.12153
3.41
1.168
2.50817
1.586
2.08062
1.00016
3
1.25102
2.33866
1.5022
2.11126
1.22004
3.84375
1.00016
2.0026
1.75599
2.13681
1.25102
3.16667
1.0296
2.00065
1.50073
3.20833
1.02683
3.29167
1.00016
2.12259
1.88879
2.00065
1.16799
3.01172
1.03855
2.50406
1.75313
2.0013
1.00016
3.5
1.4294
2.01042
1.57577
2.00065
1.03397
3.78676
1.16799
2.20786
1.50658
2.00259
1.25101
3.00291
1.04936
2.68576
1.50073
2.50405
1.03183
3.07143
1.10196
2.12414
2.22522
2.00129
1.00016
3.00291
1.00016
2.58333
1.65625
2.33861
1.00016
3.37174
1.34657
2.09097
1.50073
2.02083
1.16798
3.92045
1.00016
2.00129
1.59799
2.17577
1.38728
3.59722
1.00016
2.00064
1.50217
2.50806
1.00016
3.24063
1.17593
2.00515
1.89787
2.2078
1.0856
3.01744
1.00016
2.94981
1.57348
2.16389
1.04933
3.00289
1.32547
2.00128
1.925
2.00064
1.0654
4.0625
1.01282
2.00064
1.50072
2.34384
1.251
3.00867
1.00016
2.23143
1.50072
2.5
1.25825
3.00577
1.11343
2.07361
1.88859
2.22159
1.00016
3.52365
1.10194
2.50801
1.50072
2.08733
1.00016
3.10714
1.46653
2.17569
1.50072
2.00128
1.00016
4.35417
1.00016
2.33333
1.63359
2.00064
1.255
3.00575
1.00016
2.07606
1.98201
2.51603
1.10193
3.00862
1.02663
2.00127
1.87949
2.33854
1.00016
3.02308
1.05875
2.73003
1.50647
2.38333
1.24861
3.00286
1.25099
2.00254
1.50071
2.07444
1.00016
4.375
1.00016
2.10628
1.65868
2.0102
1.36827
3.00286
1.26342
2.13686
1.50214
2.50397
1.00016
3.01145
1.02684
2.63083
1.87946
2.00127
1.00016
3.25
1.02581
2.53205
1.79167
2.09061
1.00016
3.29375
1.4375
2.00063
1.62731
2.35417
1.00016
3.76786
1.08556
2.00126
1.50071
2.00063
1.46644
3.3
1.00016
2.00063
1.50071
2.50791
1.06536
3.52333
1.00016
2.20278
1.91576
2.12383
1.10191
3.13636
1.16795
2.51984
1.57515
2.00505
1.00016
3.00852
1.32396
2.34366
1.63503
2.3375
1.00016
3.82212
1.00016
2.00063
1.7675
2.1045
1.33944
3.00283
1.00016
2.0101
1.65859
3.15972
1.04924
3.05172
1.00016
2.00063
1.99219
2.00251
1.16795
3.00282
1.00016
2.84821
1.50212
2.00063
1.08554
3.69444
1.25098
2.08693
1.5007
2.00125
1.00016
3.80357
1.29898
2.1712
1.5007
2.10606
1.25098
3.33125
1.00016
2.33845
1.51923
2.5
1.03375
3.33438
1.0587
2.00125
2.22396
2.00062
1.03073
3.03409
1.19215
2.50391
1.5007
2.34357
1.12115
3.00281
1.25098
2.005
1.62045
2.00062
1.17564
3.78538
1.00016
2.28704
1.5007
2.23056
1.25488
3.71875
1.00016
2.00125
1.5007
2.50389
1.02666
3.04545
1.16794
2.00062
2.23438
2.00124
1.03157
3.19345
1.02925
3.04924
1.59747
2.00062
1.06531
3.01685
1.25097
2.20753
1.75572
2.23889
1.00016
3.83929
1.00016
2.00124
1.5063
2.33841
1.25097
3.01119
1.10188
2.00062
1.5007
2.80382
1.28194
3.00838
1.04919
2.02
1.87936
2.07244
1.04038
3.85
1.00015
2.50387
1.50209
2.00248
1.00015
3.28963
1.49884
2.00124
1.6064
2.07628
1.19981
3.75
1.00015
2.33838
1.50069
2.00123
1.25096
3.20455
1.08551
2.00247
1.76716
2.79741
1.00015
3.00556
1.03063
2.13618
1.87934
2.41667
1.02541
3.16667
1.02573
2.70833
1.65842
2.00062
1.16792
3.01111
1.25096
2.00062
1.50625
2.00123
1.04916
4.52083
1.06528
2.26111
1.63479
2.00061
1.25096
3.01667
1.23148
2.00061
1.56707
2.51543
1.00015
3.00276
1.10186
2.34339
1.94196
2.17533
1.02626
3.1875
1.00015
2.50383
1.75565
2.12078
1.02914
3.3
1.25096
2.16138
1.50069
2.33834
1.08549
3.78472
1.03825
2.00061
1.50207
2.0049
1.70443
3.00275
1.00015
2.00122
1.56825
2.51923
1.00015
3.79167
1.00015
2.08992
2.06913
2.21486
1.02517
3.00275
1.16791
2.5625
1.5
2.13607
1.00015
3.00549
1.36771
2.36869
1.65833
2.00244
1.00015
3.80208
1.00015
2.10641
1.75561
2.12339
1.25477
3.02206
1.00015
2.49167
1.6317
2.98007
1.00015
3.00274
1.0403
2.00243
1.87928
2.07891
1.16791
3.05
1.10184
2.5038
1.625
2.01961
1.05861
3.52244
1.25095
2.14714
1.50205
2.00061
1.00015
4.125
1.25019
2.00061
1.57214
2.18386
1.25095
3.0082
1.00015
2.37356
1.50068
2.50379
1.10183
3.27976
1.06524
2.0006
2.1875
2.00242
1.08547
3.00272
1.00015
2.50758
1.50068
2.62778
1.03355
3.13636
1.27404
2.0006
1.53261
2.00121
1.1679
4.31641
1.05859
2.00242
1.675
2.08616
1.25094
3.54487
1.00015
2.0006
1.50068
2.53049
1.04026
3.075
1.28144
2.21467
1.87924
2.0006
1.1108
3.01087
1.02608
3.0787
1.50203
2.0012
1.00015
3.00271
1.375
2.16667
1.75554
2.0006
1.00015
3.85417
1.00015
2.0006
1.50068
2.47917
1.32242
3.333
1.02632
2.0012
1.71528
2.70698
1.16789
3.02174
1.00015
2.07267
1.89631
2.0012
1.10182
3.56731
1.00015
2.51506
1.60601
2.17513
1.03133
3.0054
1.46601
2.0006
1.50202
2.32222
1.00015
3.76689
1.00015
2.34314
1.58452
2.0006
1.36744
3.1
1.03349
2.13584
1.99375
2.53788
1.00015
3.00269
1.00015
2.00478
1.88767
2.33821
1.05855
3.32738
1.00015
2.79583
1.50067
2.00239
1.17525
3.00806
1.34515
2.11995
1.50067
2.0006
1.00015
4.375
1.21757
2.0006
1.51829
2.05
1.25466
3.22126
1.20556
2.07143
1.50067
2.50372
1.02732
3.50625
1.00015
2.59799
1.87919
2.00476
1.00015
3.00267
1.04903
2.50744
1.76651
2.00059
1.1018
3.01071
1.33829
2.00059
1.63445
2.34306
1.06518
3.75
1.03037
2.00952
1.50067
2.20719
1.46593
3.00534
1.04018
2.0858
1.502
2.70833
1.00015
3.65909
1.00015
2.1351
2.11406
2.13573
1.0253
3.06522
1.16787
2.5037
1.56736
2.00118
1.08542
3.00266
1.25463
2.56667
1.506
2.00059
1.00015
3.78348
1.00015
2.00059
1.96267
2.03846
1.32935
3.36607
1.10179
2.00118
1.57153
2.94705
1.00015
3.01064
1.00015
2.07387
1.8875
2.00118
1.16787
3.33235
1.08541
2.65625
1.50066
2.12297
1.00015
3.5
1.25092
2.075
1.50066
2.14899
1.10178
3.76659
1.17512
2.18333
1.50198
2.00059
1.32279
3.04286
1.06516
2.33813
1.50066
2.84167
1.0585
3.00794
1.00015
2.00235
2.36979
2.00059
1.00015
3.00528
1.00015
2.50367
1.725
2.37222
1.00015
3.2358
1.25092
2.00117
1.56525
2.17494
1.16786
3.95833
1.00015
2.2071
1.50066
2.10714
1.28472
3.5216
1.03117
2.01887
1.50197
2.51838
1.18941
3.00526
1.29792
2.10504
1.87911
2.00234
1.00015
3.02381
1.05556
2.91667
1.50066
2.07186
1.00015
3.575
1.25091
2.00058
1.7662
2.14625
1.00015
3.76645
1.00015
2.00233
1.57349
2.3381
1.375
3.01579
1.13258
2.12284
1.50065
2.55952
1.16785
3.18611
1.00015
2.00116
1.99219
2.20705
1.02485
3.5875
1.0122
2.76042
1.50065
2.00116
1.02574
3.00785
1.46577
2.00465
1.74167
2.00058
1.00014
3.92045
1.0251
2.56771
1.65302
2.00232
1.25091
3.00261
1.00014
2.2141
1.78804
2.50362
1.00014
3
1.03799
2.00058
1.87908
2.66821
1.00014
3.0026
1.20122
2.51453
1.50195
2.00058
1.24874
3.00521
1.25453
2.00058
1.50065
2.00463
1.11042
4.8125
1.04007
2.00115
1.50065
2.00058
1.33777
3.1875
1.16785
2.00058
1.50586
2.50723
1.10175
3.28693
1.02707
2.41111
1.87906
2.10485
1.00014
3.01562
1.00014
2.51812
1.7553
2.22821
1.0651
3.21944
1.36694
2.10024
1.50194
2.36667
1.00014
3.88393
1.00014
2.03448
1.65786
2.00115
1.4657
3.07143
1.00014
2.19949
1.58386
2.72266
1.00014
3.54268
1.05844
2.20696
1.9375
2.01852
1.00014
3.00258
1.16784
2.50718
1.63413
2.00057
1.00014
3.03125
1.38591
2.33802
1.60547
2.00115
1.04003
3.76616
1.00014
2.20707
1.79861
2.17475
1.25089
3.36346
1.00014
2.00057
1.50064
2.91667
1.00014
3.00773
1.02864
2.14583
1.87902
2.08512
1.39028
3.04167
1.03013
2.50357
1.62292
2.00114
1.00014
3.52108
1.3286
2.00228
1.50064
2.27857
1.00014
4.0625
1.26096
2.00057
1.50064
2.00457
1.25446
3.00256
1.00014
2.34267
1.67357
2.71219
1.02433
3.01027
1.08534
2.00057
2.22064
2.00114
1.03791
3.33239
1.00014
2.75
1.50064
2.33798
1.00014
3.00512
1.25089
2.17469
1.55357
2.00227
1.25516
3.83152
1.10172
2.09881
1.50064
2.00057
1.34432
3.5
1.00014
2.00057
1.63403
2.5071
1.04887
3.33113
1.16782
2.00227
1.88702
2.00057
1.03319
3.27222
1.00014
2.94583
1.50064
2.30208
1.10171
3.02308
1.25443
2.10595
1.75521
2.00057
1.00014
3.81466
1.02445
2.00056
1.50191
2.68333
1.36671
3.00254
1.05839
2.00452
1.6053
2.50353
1.16782
3.01531
1.03096
2.00056
2.11161
2.00226
1.02855
3.79167
1.03787
2.53571
1.50573
2.06935
1.00014
3.08333
1.51042
2.46736
1.58356
2.00113
1.00014
3.79808
1.08532
2.35185
1.50063
2.00056
1.25088
3.00507
1.1017
2.00056
1.76562
2.52841
1.00014
3.00253
1.06504
2.1826
1.97917
2.33793
1.00014
3.3
1.00014
2.70076
1.50063
2.00112
1.16781
3.18482
1.25088
2.00901
1.65208
2.07259
1.11897
4.64844
1.03313
2.00056
1.50063
2.157
1.25088
3.00758
1.16781
2.00112
1.50063
2.97917
1.00014
3.02027
1.04883
2.36574
1.91106
2.00112
1.06503
3.00252
1.00014
2.51404
1.98917
2.00056
1.18436
3.01515
1.25087
2.00056
1.50063
2.33333
1.02473
3.76576
1.02443
2.21358
1.50188
2.13512
1.49479
3.39773
1.00014
2.07697
1.50063
2.50698
1.02998
3.69444
1.10169
2.00446
1.87892
2.00056
1.00014
3.00502
1.28009
2.50348
1.6284
2.14048
1.00014
3.33056
1.25087
2.34245
1.50063
2.06839
1.04881
3.75
1.05835
2.17452
1.75
2.00111
1.38558
3.0025
1.00014
2.16587
1.51705
2.94526
1.00014
3.005
1.00014
2.00055
2.08767
2.255
1.1678
3.0075
1.00014
2.63889
1.57252
2.10431
1.03779
3.58333
1.32812
2.00055
1.67292
2.18237
1.00014
3.76562
1.1678
2.01786
1.50062
2.00055
1.25086
3.04545
1.00014
2.62246
1.5959
2.51389
1.08528
3.23304
1.00014
2.0011
2.28693
2.00055
1.00014
3.02
1.10167
2.58929
1.50062
2.39815
1.00014
3.35833
1.25086
2.00221
1.56401
2.12222
1.26024
4.125
1.02673
2.00055
1.5056
2.00885
1.25086
3.52035
1.10913
2.11772
1.50062
2.50344
1.10167
3.03
1.16779
2.00055
1.89453
2.14505
1.05832
3.00248
1.03986
3.15972
1.50186
2.20667
1.00014
3.00495
1.31975
2.00055
1.75506
2.0022
1.03302
3.75
1.04876
2.0011
1.89922
2.33782
1.25086
3.16667
1.00014
2.0733
1.50185
2.53472
1.17455
3.00247
1.02455
2.22683
1.87886
2.1744
1.00014
3.625
1.00014
2.71949
1.50062
2.00439
1.02423
3.19668
1.69329
2.1023
1.50556
2.00055
1.08526
3.8125
1.00014
2.3378
1.50061
2.00109
1.25428
3.39167
1.06497
2.00877
1.75503
2.50342
1.00014
3.32065
1.00014
2.12211
1.88657
2.35128
1.19107
3.00245
1.03076
2.50683
1.50061
2.00054
1.16778
3.1875
1.36626
2.00054
1.56987
2.21325
1.00014
4.375
1.00014
2.00218
1.62103
2.00054
1.25085
3.0049
1.16778
2.17435
1.65743
2.61364
1.06496
3.00735
1.03297
2.34224
1.87883
2.08787
1.02662
3.0098
1.00014
2.79167
1.89583
2.1331
1.02403
3.00244
1.27155
2.00435
1.50061
2.56181
1.02829
3.84375
1.11833
2.00054
1.58298
2.19762
1.46528
3.00244
1.0237
2.00108
1.50183
2.50339
1.05828
3.85
1.00014
2.00054
2.06334
2.04762
1.08524
3.02206
1.17444
2.56944
1.50061
2.00054
1.10164
3.00487
1.25084
2.43939
1.50182
2.00433
1.03768
4.28819
1.00013
2.14468
1.75497
2.20655
1.25084
3.02941
1.00013
2.00054
1.50061
2.97276
1.03069
3.00243
1.08523
2.07143
2.0625
2.06968
1.16777
3.00485
1.17251
2.50337
1.50061
2.00216
1.00013
3.56034
1.25084
2.38333
1.56503
2.00054
1.02976
3.875
1.16777
2.03333
1.50182
2.00108
1.25084
3.23177
1.10163
2.46296
1.63355
2.51689
1.00013
3.13636
1.03976
2.00054
2.21875
2.00862
1.00013
3.32946
1.00013
2.50672
1.50181
2.59097
1.06493
3.00968
1.25084
2.00054
1.59551
2.00107
1.2967
3.79573
1.03764
2.00429
1.56208
2.07611
1.41572
3.53977
1.00013
2.00054
1.50543
2.92188
1.00013
3.18112
1.16776
2.00107
1.87877
2.12188
1.00013
3.25
1.00013
2.94418
1.6573
2.00107
1.02531
3.0024
1.25083
2.00214
1.85938
2.10382
1.00013
3.75
1.08521
2.27333
1.56313
2.36869
1.33636
3.02174
1.00013
2.00107
1.5006
2.50333
1.2419
3.00962
1.10161
2.30208
1.8863
2.00106
1.00013
3.51966
1.02383
2.55435
1.5827
2.00053
1.00013
3.48333
1.49306
2.06758
1.63346
2.00213
1.00013
3.765
1.0649
2.34204
1.55
2.00053
1.38511
3.01923
1.00013
2.00053
1.75489
2.80506
1.00013
3.00718
1.05822
2.14318
1.87874
2.56667
1.00013
3.27604
1.00013
2.51667
1.50179
2.03448
1.2793
3.00238
1.25083
2.00106
1.65724
2.00053
1.00013
4.375
1.00013
2.12177
1.5006
2.10111
1.34322
3.28385
1.24621
2.25238
1.55357
2.50331
1.02422
3.00476
1.00013
2.33765
1.89375
2.00211
1.00013
3.00714
1.21458
2.50661
1.84722
2.13457
1.00013
3.03846
1.31684
2.00053
1.50536
2.34198
1.00013
4.3125
1.00013
2.19676
1.50059
2.00053
1.50694
3.01429
1.02385
2.08736
1.60452
2.63889
1.10159
3.51944
1.00013
2.00105
2.03125
2.00053
1.00013
3.00949
1.16774
2.50329
1.56219
2.21279
1.04862
3.06522
1.25082
2.47917
1.50059
2.17409
1.05819
3.77976
1.00013
2.07571
1.925
2.0021
1.27083
3.1775
1.03967
2.00105
1.50059
2.94367
1.08518
3.05769
1.06487
2.20636
1.87869
2.11641
1.16774
3.21465
1.00013
2.51316
1.50532
2.00052
1.00013
3.79167
1.38496
2.00052
1.50059
2.0084
1.00013
3.98438
1.16774
2.00105
1.50059
2.07089
1.25082
3.41786
1.18164
2.33761
1.61174
2.50654
1.02805
3.00235
1.02337
2.00418
2.21788
2.00052
1.19797
3.04286
1.00013
2.75503
1.50059
2.35049
1.00013
3.00235
1.25408
2.13222
1.50176
2.20632
1.16773
3.75
1.00013
2.1035
1.63329
2.14397
1.31954
3.55833
1.00013
2.06667
1.65711
2.50326
1.00013
3.00469
1.17415
2.00052
1.97917
2.22685
1.02956
3.00234
1.00013
3.20833
1.60438
2.00052
1.00013
3.0283
1.32662
2.00052
1.75478
2.09457
1.08516
3.76465
1.10157
2.00833
1.50175
2.55093
1.25081
3.00467
1.00013
2.1344
1.5689
2.51302
1.16773
3.575
1.00013
2.00104
1.89338
2.00052
1.00013
3.65909
1.02507
2.50324
1.50175
2.00104
1.19336
3.00233
1.6786
2.00207
1.50058
2.06677
1.02368
3.83929
1.00013
2.36325
1.57123
2.2
1.25081
3.00233
1.02474
2.18131
1.79375
2.58333
1.04857
3.36458
1.00013
2.00052
2.10734
2.34179
1.00013
3.00698
1.00013
2.52604
1.63321
2.00052
1.16772
3.00464
1.25081
2.20625
1.50174
2.00206
1.06483
4.49653
1.05814
2.10281
1.50058
2.26515
1.25403
3
1.29617
2.00051
1.50058
2.50644
1.03747
3.00231
1.0295
2.35024
1.8859
2.13432
1.08514
3.3569
1.00013
2.70486
1.78365
2.00412
1.00013
3.00694
1.2508
2.00103
1.58218
2.33753
1.10155
4.0625
1.03958
2.0684
1.59375
2.00103
1.4649
3.00231
1.03267
2.03333
1.59498
2.78929
1.02345
3.61667
1.08514
2.00051
1.87861
2.00205
1.00013
3.0023
1.16771
2.77699
1.67115
2.00051
1.00013
3.01852
1.25401
2.58796
1.50058
2.13181
1.00013
3.88393
1.03039
2.225
1.7547
2.00051
1.2508
3.0046
1.06481
2.00051
1.64962
2.91667
1.00013
3.0023
1.18833
2.09509
1.87859
2.00051
1.25271
3.02778
1.02789
2.51603
1.50057
2.18111
1.00013
4.09063
1.2508
2.00408
1.51562
2.00051
1.03955
3.77885
1.16771
2.00051
1.50057
2.00204
1.48958
3.31061
1.00013
2.34167
1.56131
2.50318
1.0648
3.075
1.00013
2.08307
2.1875
2.21236
1.00013
3.2825
1.00013
2.51276
1.56369
2.33749
1.00013
3.04167
1.33554
2.00051
1.65693
2.20089
1.2197
3.76431
1.08512
2.00101
1.50171
2.00051
1.25079
3.57609
1.02612
2.20615
1.50057
2.53205
1.00013
3.00685
1.1677
2.28704
2.05859
2.06531
1.00013
3.00456
1.10153
2.94271
1.50514
2.14069
1.03034
3.00228
1.25079
2.00101
1.96354
2.07495
1.00013
4.125
1.01136
2.13416
1.59481
2.34161
1.25396
3.00227
1.00013
2.00202
1.5017
2.75347
1.29592
3.00455
1.00013
2.0005
1.96023
2.06667
1.00013
3.5
1.06478
2.50631
1.50057
2.32222
1.10688
3.00909
1.46479
2.08666
1.5017
2.00101
1.00013
3.82212
1.00013
2.36667
1.65688
2.07135
1.31531
3.45312
1.02328
2.10307
1.75463
2.51263
1.05808
3.00226
1.00013
2.21222
1.90733
2.33744
1.03737
3.03659
1.0851
2.50314
1.50056
2.001
1.25836
3.00679
1.42411
2.00201
1.50056
2.0005
1.02295
4.61806
1.04848
2.17375
1.50169
2.00402
1.25078
3.3
1.17387
2.001
1.50056
2.71399
1.02449
3.08333
1.00013
2.33743
2.08203
2.001
1.10152
3.17381
1.05807
2.5
1.76389
2.0005
1.02603
3.24838
1.25078
2.0005
1.60397
2.78056
1.00012
3.79261
1.00012
2.001
1.50056
2.0005
1.46473
3.01807
1.00012
2.12116
1.65
2.50625
1.08509
3.51842
1.02334
2.16164
1.89269
2.0005
1.04846
3.01351
1.23904
2.78819
1.50056
2.008
1.03947
3.28186
1.25078
2.39167
1.61775
2.0005
1.00012
3.80682
1.19658
2.0005
1.75458
2.001
1.25078
3.02027
1.08509
2.00398
1.50056
3.04924
1.02274
3.355
1.00012
2.0005
1.88553
2.15171
1.16768
3.22837
1.00012
2.79861
1.50056
2.08644
1.1015
3.5
1.25078
2.07459
1.50056
2.00099
1.00012
3.76399
1.16768
2.00198
1.69886
2.20601
1.40191
3.00446
1.03023
2.33738
1.50056
2.525
1.00012
3.0067
1.02472
2.09213
2.40625
2.17366
1.00012
3.00893
1.00012
2.50309
1.60536
2.47917
1.00012
3.2119
1.25077
2.3
1.50056
2.00049
1.27825
3.75
1.00012
2.00049
1.56308
2.00198
1.25077
3.51823
1.11667
2.00099
1.6244
2.50309
1.00012
3.25
1.25201
2.00049
1.87847
2.00099
1.00012
3.3825
1.04842
3.02083
1.50055
2.08256
1.00012
3.00444
1.35417
2.13393
1.79167
2.01587
1.10149
3.76389
1.02768
2.13103
1.50055
2.36179
1.25077
3.02679
1.02275
2.17361
1.50055
2.82639
1.16767
3.19044
1.06472
2.00394
1.88542
2.00049
1.00012
3.53646
1.03941
2.51543
1.88681
2.00196
1.03728
3.02
1.46462
2.00098
1.50055
2.00049
1.03018
3.98438
1.00012
2.61603
1.50166
2.18056
1.32549
3.00221
1.00012
2.00196
1.75451
2.70172
1.00012
3.01327
1.10148
2.06414
1.89236
2.36574
1.18302
3.17469
1.00012
2.50613
1.515
2.00049
1.17369
3.41
1.25076
2.00049
1.50055
2.11467
1.05801
4.73958
1.00012
2
1.50055
2.13385
1.38429
3.0044
1.16766
2.00049
1.50165
2.5625
1.02461
3.0022
1.08505
2.34132
1.87843
2.20591
1.03939
3.16667
1.00012
2.50305
1.94389
2.00097
1.0292
3.08333
1.31651
2.19444
1.67012
2.33732
1.00012
3.77757
1.00012
2.00049
1.50055
2.00781
1.49004
3.00658
1.058
2.3375
1.63274
2.50304
1.00012
3.5
1.00012
2.10266
1.90625
2.10102
1.00012
3.00219
1.29544
2.52451
1.5608
2.17352
1.00012
3.01316
1.34196
2.54506
1.50055
2.00194
1.02294
4.125
1.03241
2.00097
1.76346
2.00048
1.36491
3.07143
1.04837
2.00048
1.50055
2.96695
1.10147
3.1875
1.00012
2.00194
2.04985
2.00048
1.16766
3.3125
1.00012
2.50303
1.50163
2.24783
1.00012
3.51786
1.25379
2.00097
1.56761
2.00048
1.06469
3.92045
1.26389
2.0705
1.6566
2.13066
1.25075
3.00217
1.00012
2.39815
1.5049
2.50302
1.00012
3.00435
1.00012
2.46845
2.21554
2.16042
1.00012
3.00652
1.02914
2.53049
1.50054
2.33727
1.10354
3.01744
1.38417
2.00048
1.64821
2.09798
1.16765
3.76359
1.00012
2.00193
1.60359
2.00048
1.25075
3.85
1.00012
2.00048
1.55903
2.70833
1.02576
3.21065
1.23854
2.00096
1.92708
2.10253
1.10146
3.00867
1.00012
3.09896
1.50054
2.00096
1.08503
3.00649
1.25075
2.00385
1.75442
2.20582
1.03719
3.77717
1.05797
2.06895
1.51471
2.3491
1.25075
3.28066
1.06467
2.00096
1.725
2.51506
1.16765
3.10714
1.00012
2.00048
1.87837
2.00096
1.02414
3.51768
1.08502
2.90278
1.50162
2.07391
1.00012
3.26719
1.46446
2.0667
1.50054
2.00383
1.00012
3.875
1.10145
2.64268
1.50054
2.0646
1.26894
3.00862
1.00012
2.06355
1.84722
2.50598
1.10045
3.32619
1.02232
2.01538
2.07961
2.33724
1.00012
3.01293
1.00012
2.50298
1.50054
2.00191
1.29522
3.00215
1.32497
2.00095
1.50484
2.42998
1.03233
4.375
1.03716
2.00048
1.50054
2.21158
1.28125
3.00644
1.16764
2.0019
1.50054
2.58929
1.08501
3.00429
1.02748
2.33722
2.19141
2.00763
1.05794
3.18864
1.00012
2.50595
1.75438
2.00048
1.00012
3.25
1.25372
2.20576
1.52885
2.38889
1.00012
3.76339
1.00012
2.19583
1.5016
2.00047
1.46441
3.25463
1.21221
2.00047
1.56975
2.5119
1.04831
3.55303
1.00012
2.00095
1.87834
2.0701
1.00012
3.3
1.25729
2.70833
1.50481
2.00095
1.02238
3.00213
1.33444
2.34889
1.50053
2.00047
1.10143
3.83152
1.00012
2.00047
1.95903
2.09091
1.25074
3.22637
1.00012
2.1002
1.5016
3.20833
1.02903
3.00852
1.03229
2.12062
1.89174
2.18004
1.17345
3.01923
1.02403
2.54808
1.65645
2.00047
1.06463
3.535
1.25074
2.00047
1.60739
2.00189
1.08499
3.7633
1.16763
2.21146
1.59403
2.08186
1.25074
3.05172
1.03926
2.33718
1.50053
2.65625
1.00012
3.28009
1.10142
2.00188
2.1875
2.00047
1.02742
3.00424
1.02321
2.68624
1.50053
2.46296
1.00012
3.37857
1.36458
2.00094
1.60335
2.00047
1.16763
3.80357
1.00012
2.00047
1.50159
2.00094
1.42083
3.625
1.00012
2.22083
1.50053
2.50293
1.05791
3.03846
1.24315
2.1335
1.8783
2.22292
1.00012
3.00211
1.00012
2.96528
1.64757
2.00047
1.00012
3.03409
1.25073
2.00047
1.97847
2.00094
1.02212
3.95833
1.06462
2.00187
1.50053
2.58273
1.31696
3.24091
1.02898
2.20567
1.50475
2.52358
1.16762
3.0021
1.00012
2.00093
1.87829
2.00047
1.08498
3.71875
1.19014
2.50292
1.50053
2.00093
1.00012
3.0021
1.45833
2.0303
1.50158
2.00047
1.04826
4.46875
1.00012
2.33715
1.50052
2.12897
1.34141
3.05769
1.03708
2.12996
1.75429
2.50291
1.11571
3.01685
1.08497
2.00047
1.88487
2.34096
1.00012
3.00209
1.00012
2.55952
1.55815
2.44375
1.16762
3.01261
1.25073
2.17323
1.59389
2.00746
1.00012
4.48438
1.0222
2.00093
1.70893
2.06274
1.25073
3.00838
1.16762
2.08164
1.72656
2.50581
1.03221
3.00628
1.00012
2.56667
1.96023
2.12045
1.00012
3.00418
1.00012
2.5029
1.76287
2.19309
1.0219
3.00209
1.38381
2.14187
1.50052
2.33712
1.02552
3.75
1.00012
2.08542
1.55898
2.00093
1.66763
3.32538
1.00012
2.13636
1.55
2.51453
1.02988
3.53431
1.06459
2.00046
1.87826
2.0037
1.1014
3.34028
1.16761
2.50579
1.50052
2.06238
1.00012
3.16667
1.25072
2.33711
1.51415
2.21122
1.00012
3.98438
1.17302
2.00741
1.78017
2.00046
1.25361
3.0125
1.00012
2.00046
1.6563
3.01389
1.00012
3.00207
1.05787
2.17972
1.88477
2.0681
1.2568
3.01667
1.00012
2.78526
1.50052
2.08942
1.00012
3.65909
1.31265
2.00184
1.63232
2.00046
1.00011
3.88393
1.29479
2.12037
1.50155
2.125
1.25072
3.00207
1.00011
2.34086
1.50052
2.74937
1.03702
3.3
1.00011
2.00046
2.21418
2.00092
1.04822
3.00207
1.00011
2.52315
1.68229
2.35985
1.21153
3.00413
1.25359
2.00046
1.50052
2.00183
1.2371
3.78906
1.00011
2.091
1.55946
2.20556
1.25072
3.79167
1.00011
2.1333
1.50155
2.75884
1.00011
3.16739
1.1676
2.00183
2.10216
2.00046
1.00011
3
1.08495
2.91667
1.50051
2.00366
1.00011
3.00206
1.34115
2.21111
1.76268
2.08524
1.05785
3.80208
1.00011
2.17312
1.58063
2.34081
1.25071
3.00617
1.10138
2.01471
1.56143
2.50285
1.17322
3.26339
1.037
2.06934
2.03125
2.00182
1.02296
4.06389
1.00011
2.50571
1.50051
2.00046
1.00011
3.05
1.46417
2.10191
1.56911
2.16667
1.19416
3.76284
1.02411
2.34829
1.50154
2.00045
1.25071
3.0041
1.05784
2.06332
1.75419
2.75
1.08494
3.01852
1.00011
2.09619
1.8782
2.54803
1.00011
3.0082
1.04819
2.50284
1.66875
2.00091
1.16759
3.27902
1.31176
2.18651
1.50051
2.00045
1.00011
4.375
1.00011
2.2055
1.60302
2.00181
1.25355
3.00204
1.27705
2.00091
1.51389
2.50283
1.00011
3.13636
1.11528
2.33704
2.04514
2.04348
1.00011
3.00612
1.00011
2.8776
1.75417
2.00045
1.0321
3.35
1.31622
2.00045
1.50153
2.36325
1.00011
3.81466
1.02537
2.0009
1.63219
2.12021
1.67708
3.075
1.06454
2.06769
1.50051
2.50566
1.00011
3.51667
1.00011
2.00725
1.88457
2.46278
1.00011
3.00407
1.17315
2.50282
1.50051
2.00181
1.05782
3.30134
1.26786
2.34072
1.65616
2.1018
1.08492
3.85417
1.02174
2.00045
1.78804
2.0009
1.2507
3.00203
1.00011
2.222
1.50051
2.93981
1.06454
3.43056
1.00011
2.00045
1.87817
2.01449
1.23569
3.00202
1.10136
2.52841
1.60552
2.00045
1.0391
3.56731
1.36412
2.06157
1.50051
2.14135
1.02402
4.125
1.25014
2.0036
1.50051
2.00045
1.2507
3.00404
1.03206
2.52778
1.50152
2.51126
1.10136
3.00202
1.00011
2.11269
2.32422
2.00045
1.02186
3.1
1.00011
2.69626
1.63213
2.65833
1.00011
3.00202
1.2507
2.00179
1.50455
2.06898
1.16758
3.77534
1.00011
2.13311
1.65611
2.21825
1.2507
3.55
1.04815
2.00089
1.59348
2.51404
1.00011
3.00806
1.16758
2.26111
1.88447
2.00089
1.10417
3.00201
1.09792
2.91667
1.5688
2.00045
1.00011
3.03659
1.38349
2.00045
1.77917
2.14751
1.00011
4.24716
1.00011
2.00089
1.50151
2.33698
1.25349
3.50625
1.02712
2.0303
1.55885
2.50558
1.16758
3.00602
1.0849
2.00178
1.87814
2.00045
1.18876
3.53302
1.02148
2.6756
1.54167
2.00714
1.1108
3.002
1.46403
2.17926
1.5005
2.20539
1.00011
3.75
1.00011
2.33697
1.5005
2.00089
1.25069
3.20726
1.00011
2.00356
2.08542
2.70733
1.00011
3.004
1.00011
2.00044
1.87813
2.43939
1.02234
3.01807
1.03906
2.81875
1.56615
2.17293
1.16757
3.06522
1.31944
2.00044
1.62123
2.08981
1.00011
4.47917
1.10134
2.00177
1.5005
2.00044
1.36398
3.012
1.16757
2.00044
1.58024
2.52232
1.00011
3.32426
1.00011
2.6169
1.90341
2.00044
1.02157
3.36607
1.00011
2.51389
1.75407
2.09537
1.10134
3.00598
1.25069
2.00709
1.5005
2.33695
1.00011
3.775
1.17982
2.10158
1.61378
2.22157
1.49884
3.00199
1.00011
2.00088
1.5005
2.50276
1.02706
3.5
1.02868
2.17289
2.0625
2.00088
1.03903
3.22372
1.16757
2.51106
1.50149
2.11998
1.03687
3.00397
1.32357
2.61092
1.632
2.02857
1.02354
3.7875
1.00011
2.00088
1.75405
2.00044
1.34065
3.00794
1.10133
2.00044
1.50446
3.15972
1.05776
3.16042
1.00011
2.00352
1.87809
2.08471
1.16756
3.45
1.00011
2.50275
1.50049
2.1572
1.08488
3.61667
1.25069
2.087
1.50148
2.06476
1.10133
3.95833
1.16756
2.00044
1.50049
2.00088
1.26736
3.25
1.00011
2.34774
1.6027
2.78354
1.04809
3.00395
1.00011
2.00044
2.26562
2.00351
1.00011
3.00197
1.17528
2.50548
1.65598
2.33691
1.02962
3.02381
1.31394
2.13293
1.50049
2.00087
1.16756
3.8125
1.00011
2.38333
1.51339
2.10147
1.25068
3.53241
1.00011
2.11991
1.55765
2.51096
1.00011
3.00591
1.36354
2.09799
2.07541
2.00044
1.02128
3.01579
1.02516
2.9391
1.50147
2.00087
1.00011
3.32391
1.25342
2.12407
1.93119
2.17282
1.02262
3.98438
1.00011
2.00044
1.50049
2.39167
1.38328
3.00196
1.00011
2.00087
1.50147
2.50272
1.27653
3.00785
1.03899
2.00044
1.87806
2.32222
1.06447
3.54861
1.00011
2.61364
1.50049
2.06694
1.00011
3.30603
1.4639
2.00043
1.705
2.00174
1.00011
3.76225
1.02344
2.38406
1.56047
2.13287
1.33319
3
1.08486
2.20526
1.754
2.50543
1.00011
3.1669
1.04807
2.00174
1.92188
2.33688
1.00011
3.00391
1.10131
2.74702
1.6026
2.00347
1.16755
3.16667
1.25068
2.00087
1.50049
2.08063
1.00011
4.8125
1.00011
2.00043
1.64583
2.00087
1.27976
3.18388
1.16755
2.125
1.50049
2.56944
1.13929
3.01172
1.05773
2.33687
1.87804
2.19129
1.00011
3.00195
1.02695
2.50541
1.75
2.20524
1.02376
3.01562
1.34042
2.0683
1.50049
2.3404
1.17033
3.78676
1.02194
2.1463
1.65589
2.00043
1.48638
3.00389
1.00011
2.00043
1.50146
2.58929
1.00011
4.02865
1.00011
2.21048
1.87803
2.00043
1.03189
3.07143
1.16755
2.50269
1.59311
2.11182
1.00011
3.00194
1.48958
2.36179
1.50145
2.00043
1.06445
3.875
1.02209
2.00043
1.75396
2.00172
1.25067
3.37174
1.02954
2.17884
1.56823
3.0787
1.00011
3.03125
1.02251
2.00043
1.96023
2.14062
1.28333
3.00193
1.00011
2.51078
1.63183
2.06057
1.00011
3.59722
1.25336
2.00043
1.50048
2.24231
1.05771
3.7621
1.23426
2.00086
1.62031
2.17272
1.25067
3.00773
1.00011
2.52652
1.65585
2.50536
1.00011
3.01744
1.00011
2.02778
2.21236
2.00043
1.08484
3.24583
1.00011
2.92188
1.50145
2.34739
1.0269
3.00193
1.25067
2.00086
1.50048
2.00043
1.17281
4.0625
1.18194
2.08044
1.50048
2.00085
1.25067
3.51577
1.16158
2.00171
1.50434
2.50267
1.00011
3.34714
1.27628
2.06658
1.875
2.00685
1.00011
3.00577
1.02123
2.96086
1.55521
2.00043
1.10129
3.33239
1.25067
2.28704
1.76182
2.00085
1.0295
3.76202
1.00011
2.00341
1.5655
2.60944
1.25067
3.10714
1.00011
2.07187
1.63177
2.55435
1.25548
3.00192
1.00011
2.00085
2.17708
2.00043
1.04802
3.5
1.01042
2.50266
1.50048
2.1787
1.00011
3.00575
1.46377
2.22075
1.55704
2.1327
1.00011
3.77404
1.00011
2.33681
1.50431
2.18148
1.40253
3.00191
1.10129
2.00085
1.75391
2.67898
1.00011
3.02308
1.00011
2.06163
2.04753
2.34028
1.00011
3.575
1.00011
2.5431
1.50143
2.00042
1.24907
3.00382
1.25066
2.00042
1.55583
2.00169
1.10128
4.375
1.08483
2.1404
1.57971
2.08422
1.31319
3.01531
1.17274
2.00042
1.50143
2.81548
1.00011
3.20528
1.00011
2.52778
1.87798
2.00042
1.00011
3.01145
1.06441
2.50264
1.97313
2.05556
1.00011
3.0019
1.25331
2.11141
1.625
2.33679
1.00011
3.79808
1.05768
2.20512
1.56796
2.00084
1.46373
3.29375
1.02496
2.00338
1.50047
2.74595
1.00011
3.53125
1.10128
2.06391
1.88393
2.00169
1.00011
3.0019
1.24073
2.63889
1.50047
2.00042
1.17845
3.3
1.25066
2.35764
1.50047
2.00084
1.03179
3.76187
1.00011
2.12321
1.76167
2.05931
1.38299
3.30417
1.03671
2.00042
1.59287
3.09896
1.00011
3.13636
1.0209
2.00084
1.88988
2.20509
1.16752
3.00758
1.08481
2.50263
1.50426
2.00084
1.0001
3.51549
1.25066
2.01351
1.75313
2.11956
1.0001
3.82212
1.2346
2.17259
1.50047
2.00168
1.32275
3.15675
1.0001
2.65222
1.50142
2.51316
1.0001
3.01515
1.02942
2.13259
2.36979
2.00084
1.05766
3.05172
1.1141
2.5105
1.50047
2.33675
1.02169
3.00377
1.25065
2.00042
1.50141
2.26515
1.16752
4.27232
1.06439
2.00084
1.50047
2.00042
1.25327
3.69444
1.02318
2.00042
1.5652
2.50523
1.20972
3.00188
1.19907
2.00334
1.90179
2.00042
1.0001
3.25679
1.02842
2.93811
1.57955
2.22037
1.02489
3.33125
1.33264
2.00083
1.75384
2.00042
1.03885
3.75
1.0001
2.00042
1.66719
2.33333
1.33998
3.00188
1.0848
2.00167
1.50047
2.58333
1.16752
3.03409
1.0001
2.42778
1.87793
2.00333
1.02352
3.51535
1.0001
2.78356
1.5014
2.13254
1.0001
3.0075
1.60417
2.00042
1.50047
2.09669
1.0001
3.78538
1.0001
2.38889
1.71528
2.00042
1.3091
3.34583
1.04796
2.0594
1.85938
2.51042
1.03667
3.00187
1.0001
2.00083
1.87792
2.57639
1.10126
3.04545
1.0001
2.51302
1.50047
2.12787
1.17262
3.00187
1.25065
2.15536
1.59673
2.20502
1.08479
4.57386
1.0001
2.00041
1.50047
2.01333
1.25065
3.01685
1.16751
2.00083
1.65565
2.50259
1.05763
3.35833
1.06437
2.33671
1.91964
2.08534
1.0001
3.00186
1.0001
2.75
1.7538
2.06351
1.04794
3.01119
1.36332
2.08391
1.50046
2.3469
1.0001
4.20573
1.10125
2.00083
1.50419
2.07137
1.46362
3.03
1.0001
2.17249
1.55433
2.52604
1.02073
3.85
1.03665
2.00165
1.8779
2.10087
1.06436
3.00371
1.24859
2.50258
1.64482
2.0033
1.10125
3.00185
1.31426
2.34008
1.55721
2.0659
1.0001
3.75
1.0001
2.00041
1.75379
2.53229
1.25322
3.00185
1.02174
2.11111
1.60227
2.9378
1.0317
3.0037
1.0001
2.07991
2.09806
2.00164
1.27581
3.00556
1.0001
2.50514
1.60214
2.00041
1.0001
3.625
1.25064
2.20498
1.58333
2.00082
1.0001
4.0625
1.17256
2.13112
1.50046
2.00041
1.25064
3.01111
1.10124
2.54115
1.50046
2.54167
1.02834
3.00185
1.08478
2.00082
2.26042
2.11936
1.0001
3.39167
1.0001
2.50256
1.50046
2.34004
1.0388
3.01667
1.38849
2.21377
1.50046
2.00041
1.29352
3.77315
1.0001
2.0585
1.50138
2.00164
1.33238
3.51509
1.0001
2.00082
1.6315
2.78125
1.0001
3.1875
1.1675
2.05929
1.87788
2.09316
1.02052
3.18117
1.02931
2.91667
1.65
2.24405
1.0001
3.24206
1.30943
2.00041
1.75376
2.00327
1.06434
3.78472
1.0001
2.20991
1.50046
2.33667
1.36319
3.00735
1.0001
2.00041
1.50138
2.5051
1.24003
3.00183
1.18635
2.00654
1.88942
2.125
1.0366
3.79167
1.0001
2.50255
1.56744
2.00163
1.0001
3.3223
1.46354
2.00081
1.50137
2.00041
1.0001
3.84375
1.08477
2.53138
1.60205
2.11063
1.38272
3.00549
1.0283
2.00163
1.77652
2.51276
1.0001
3.00366
1.02337
2.1724
1.90104
2.56667
1.0001
3.15962
1.0001
2.75112
1.59254
2.00041
1.1675
3.02206
1.25063
2.00041
1.86875
2.00081
1.02164
4.47011
1.0001
2.00325
1.50137
2.00041
1.26603
3.00365
1.2547
2.20491
1.55919
2.8588
1.02927
3.05
1.0001
2.33996
1.87785
2.0004
1.0001
3.02941
1.17726
2.67587
1.76122
2.00081
1.08476
3.2207
1.25063
2.00162
1.50045
2.35667
1.05759
4.125
1.0001
2.0004
1.50045
2.00324
1.4635
3.27579
1.0001
2.00081
1.5041
2.50253
1.19123
3.56034
1.04789
2.0004
1.87784
2.0867
1.0266
3.27976
1.27559
2.58333
1.50045
2.255
1.0001
3.00363
1.25316
2.33663
1.50136
2.15451
1.0001
3.76136
1.0001
2.17807
1.97083
2.0004
1.25063
3.13636
1.05758
2.0004
1.50045
2.95833
1.0001
3.00181
1.02294
2.21964
2.1582
2.0004
1.20833
3.00362
1.0001
2.51263
1.56462
2.00645
1.03161
3.54487
1.38264
2.12735
1.50045
2.17234
1.04787
3.79573
1.16749
2.13228
1.5375
2.08278
1.25063
3.322
1.0001
2.35985
1.50045
2.50251
1.10201
3.01087
1.0001
2.0004
2.30903
2.12075
1.10121
3.00181
1.06431
2.50502
1.50135
2.52071
1.02201
3.25
1.25063
2.0004
1.50045
2.20973
1.16748
3.85417
1.02032
2.0016
1.50045
2.11917
1.25063
3.71875
1.08474
2.0004
1.6665
2310 