72
1 Yocdvgsejfzmoeq Iyvqftnfmzlawvb 
1 Zodsdoyxwcukbhk Oagirbtmaegnkya 
2 Nekvinifqnqfzwx Vehggoonkotwmiv Sgxcytyqothqxbn Ipptwgmxcbpzmqy 
2 Thrdqbvxrsweeqy Ynoiumvcppxotzr Ytlpntrfmphehdp Uertewjsfffuyeu 
1 Jyvaotwchkmgbug Zqwmrstoeihvoag 
1 Skefrhdsxgiczeu Ppkxxkdeiuwdncf 
2 Gqxsrybcicsfjma Vxhshbohnmubxyr Qighfvneqekeyjg Mpyhbuliwqfobpv 
1 Ddkuopszihtwjff Lylhmtrqgyjkcii 
1 Klxpijlnqljmdjg Drrgvqgnyrxjomq 
1 Nwajykxeurgpjxj Jqxjuectizslagb 
1 Itgvdfmawpthxhs Ladprginmlxxtgj 
1 Rcbjqyoavubmgbf Fqechbfwayhajsu 
1 Qtmpiixoiitykns Zjyuihultkvnevf 
1 Wjipgyaycndusvy Bdqavknrdnliqip 
3 Dpnleinddvnvsby Jdlzobevakqahfv Fvihhvihmcpbiai Jcszhydqkxqsquc Upwdmhrsigzrxrr Evnunsvgtzgxkav 
2 Qwbxvocsbjmdgku Pedspyrlaazicty Zavqikmdafxsawu Ydjmlsrgopgxdlp 
1 Tarzuuohntvyszf Waaolmosgisnjxt 
1 Ycytpdfenpsknub Koqmjxqahvcklqm 
1 Fhwrwarysorhnqz Rgrtblsjrmeccga 
1 Qodyrnpdsabcwda Dzknxzzjvmnkdan 
1 Moiwmrjflrgtrdg Hgllujgulnukkeb 
1 Ohedtdwiagagfhg Wlbpvkecdliktod 
2 Nfeygskkjrzlujf Xfksnlvoleocclr Uxyiomgjnpcblbe Fmkgthxijnnfhvu 
1 Clobgijxppzsgmj Scjkwivfnftnshq 
2 Avlsqwbacvvszjt Cloyfousdbwxgsr Hbsholsdmebsjtj Jnvgnkhtmzkryoo 
1 Rrxvjdtqeabmnbb Kdkogazpyngqguj 
1 Xgmdghshkzrkogv Bfruiejeighheni 
2 Fiigwkauqtkaspw Qcoxnsiwupicnrm Lwwzhgnleizlrxn Bbognswdvswvyop 
1 Gwiieftgvqaentx Icmqyeiyfkdaywo 
1 Lscpagaiwouzdqr Xosfrboldatbfhd 
1 Cpkztznoravkrfs Orizphefnlhidsw 
1 Dtfqddrqwpxhgzq Htourorprwrskhd 
1 Zjmwabxphrwqqex Qrchwagpsbckvga 
1 Zrmfsufepjxnfhm Dyuozpwmpusoctr 
1 Pogdjzkyenkglrh Lzcyotuyhrsfufq 
1 Uhoqotsaxtyecom Hyombqyegpuvzdw 
1 Gdudtivjhzsbjpu Oewawlrfpahcgcs 
4 Bsjwppzjfspuftv Hrsxluhfuuglbqg Gyyrgijozkwagim Nklmroywquyocjw Wruukxjtijmxbwc Onezsqwmjqjqvbe Yamayqcnrrvycjy Isokdoowhxsjgbe 
1 Kaqtkenbvqewmpl Gprfngwgswpnkby 
2 Ehtfcjvgsxobrnk Nropbzwaxmipivl Hobobjklgxdbaxt Rnvgxzueouamtpf 
1 Rbincgargbacawc Bzawleqpmcrovyb 
1 Lbduhgnnnwkuxzm Skmdzkvthlvzvsx 
1 Ifveuiubemntavy Dkdgewfmdnvqudt 
2 Kxnsizsigoiquwp Ybdgzpymsrjptne Pbvvuahqwbxsbes Nogeksuicwbxeml 
1 Fzwzprddpjfljuo Xkdflqxpwohvfvw 
2 Cimwnceskmqinbk Llhoarlpvrnttbs Qrcqpphamjyboqh Wuqvozgsadwfvbo 
1 Xoafpehcwpneoim Ndlyylhgwvbrglv 
2 Jmqxaknfmdypvsu Yywpepdxzbjicvf Tvymaxsjjalctqg Javtaoxhykqjwik 
2 Akfgprntbqspten Tafxcupfnorbxns Zsmiexelahitmyn Efzglwycwphrimo 
1 Pghnxqjrrgtygfy Ridcskiyitsylne 
2 Hgzguhjmgwppnzv Begvldtrorafsah Mwasxedfvaaxvcz Ppjnotwvyupcrnr 
1 Kjmwhaikwvlydag Ridafkqyaxhbgza 
1 Ytuuzvhexuzbkdh Ehtrdkfobtbafhr 
2 Iprcsfxeyccltqe Rczwilrtjpcefze Mwojzbfmvokomvt Icyolxcxvixwyjq 
2 Jpimgusjaucjuhv Turugobmfiketlw Mehkovrzmarepvj Izssrkkqulvivij 
2 Gcmodpyrlaqrvrr Qwvctkmkzmyylin Hfpmfaeilpvounh Bkbuuwfemxrhwgb 
1 Ublgfuurudjdnlg Cwlgzqoqqjhqfnf 
1 Xdrorxvqorommtr Xnvaicluvxndkoi 
1 Qbjzkcghecscnqd Gbcrsopibzmorae 
1 Jlqpxwvyeimbwur Pecquufpisjxejl 
1 Tokjwlaueqonnwu Kqwtqjenevkiblf 
1 Gvozftlcakaihbl Nhqbmlcnymqowfp 
2 Erhqvjzuceouyxd Qcketfwkbnbjgxc Esgbzwmezhrquma Crxrtnbrjkdskom 
2 Igkgpzyxoqkuqhp Jkmmdagowjguiwk Mbqzpsbgefbnyxb Zisgsfajlawkbhy 
2 Onhukjlgdazfthk Kkmggksmtlepiqn Oxkoaahjuhqqwnb Gwtkdmhdjqedlgh 
2 Avnuayanolshikd Pqspqhqwvvbyequ Pueimxtkadibcxr Mhgafqpgwawbhrb 
1 Ejhktffchucynpw Jxwjvzcybfzcyqi 
1 Gkiprujchlcynct Qexxuttvcwefcvw 
2 Aokqfzfvlouqkep Evknxtodwkenvqf Jxkmqpgfwtutljt Fdgunhhgmnqakcb 
2 Flgnuxdxknkctfr Zpxpwszptzjkiqe Sxiibmiymqzxknw Qefwgvhrfmbrroe 
2 Pxdwzcsufghxjfn Kmvgqajvezchqzj Ugderjbelsspiuz Caehcullcablwci 
1 Elkjjupislcstmz Vtyyxlraavflcik 